<?xml version="1.0" encoding="UTF-8"?>
<testsuite
  name="dec_control.pep257"
  tests="536"
  errors="0"
  failures="438"
  time="0.946"
>
  <testcase
    name="./build/dec_control/ament_cmake_python/dec_control/dec_control/__init__.py"
    classname="dec_control.pep257"/>
  <testcase
    name="./build/dec_control/ament_cmake_python/dec_control/setup.py"
    classname="dec_control.pep257"/>
  <testcase
    name="./build/dec_control/ament_cmake_python/decentralized_control/decentralized_control/__init__.py"
    classname="dec_control.pep257"/>
  <testcase
    name="./build/dec_control/ament_cmake_python/decentralized_control/decentralized_control/auction/__init__.py"
    classname="dec_control.pep257"/>
  <testcase
    name="D205 (./build/dec_control/ament_cmake_python/decentralized_control/decentralized_control/auction/auction_node.py:16)"
    classname="dec_control.pep257"
  >
      <failure message="D205: 1 blank line required between summary line and description (found 0)"/>
  </testcase>
  <testcase
    name="D400 (./build/dec_control/ament_cmake_python/decentralized_control/decentralized_control/auction/auction_node.py:145)"
    classname="dec_control.pep257"
  >
      <failure message="D400: First line should end with a period (not 's')"/>
  </testcase>
  <testcase
    name="D415 (./build/dec_control/ament_cmake_python/decentralized_control/decentralized_control/auction/auction_node.py:145)"
    classname="dec_control.pep257"
  >
      <failure message="D415: First line should end with a period, question mark, or exclamation point (not 's')"/>
  </testcase>
  <testcase
    name="D400 (./build/dec_control/ament_cmake_python/decentralized_control/decentralized_control/auction/auction_node.py:164)"
    classname="dec_control.pep257"
  >
      <failure message="D400: First line should end with a period (not 's')"/>
  </testcase>
  <testcase
    name="D415 (./build/dec_control/ament_cmake_python/decentralized_control/decentralized_control/auction/auction_node.py:164)"
    classname="dec_control.pep257"
  >
      <failure message="D415: First line should end with a period, question mark, or exclamation point (not 's')"/>
  </testcase>
  <testcase
    name="D400 (./build/dec_control/ament_cmake_python/decentralized_control/decentralized_control/auction/auction_node.py:182)"
    classname="dec_control.pep257"
  >
      <failure message="D400: First line should end with a period (not 's')"/>
  </testcase>
  <testcase
    name="D415 (./build/dec_control/ament_cmake_python/decentralized_control/decentralized_control/auction/auction_node.py:182)"
    classname="dec_control.pep257"
  >
      <failure message="D415: First line should end with a period, question mark, or exclamation point (not 's')"/>
  </testcase>
  <testcase
    name="D400 (./build/dec_control/ament_cmake_python/decentralized_control/decentralized_control/auction/auction_node.py:207)"
    classname="dec_control.pep257"
  >
      <failure message="D400: First line should end with a period (not 's')"/>
  </testcase>
  <testcase
    name="D415 (./build/dec_control/ament_cmake_python/decentralized_control/decentralized_control/auction/auction_node.py:207)"
    classname="dec_control.pep257"
  >
      <failure message="D415: First line should end with a period, question mark, or exclamation point (not 's')"/>
  </testcase>
  <testcase
    name="D400 (./build/dec_control/ament_cmake_python/decentralized_control/decentralized_control/auction/auction_node.py:216)"
    classname="dec_control.pep257"
  >
      <failure message="D400: First line should end with a period (not 'n')"/>
  </testcase>
  <testcase
    name="D415 (./build/dec_control/ament_cmake_python/decentralized_control/decentralized_control/auction/auction_node.py:216)"
    classname="dec_control.pep257"
  >
      <failure message="D415: First line should end with a period, question mark, or exclamation point (not 'n')"/>
  </testcase>
  <testcase
    name="D400 (./build/dec_control/ament_cmake_python/decentralized_control/decentralized_control/auction/auction_node.py:220)"
    classname="dec_control.pep257"
  >
      <failure message="D400: First line should end with a period (not 's')"/>
  </testcase>
  <testcase
    name="D415 (./build/dec_control/ament_cmake_python/decentralized_control/decentralized_control/auction/auction_node.py:220)"
    classname="dec_control.pep257"
  >
      <failure message="D415: First line should end with a period, question mark, or exclamation point (not 's')"/>
  </testcase>
  <testcase
    name="D400 (./build/dec_control/ament_cmake_python/decentralized_control/decentralized_control/auction/auction_node.py:238)"
    classname="dec_control.pep257"
  >
      <failure message="D400: First line should end with a period (not 'd')"/>
  </testcase>
  <testcase
    name="D415 (./build/dec_control/ament_cmake_python/decentralized_control/decentralized_control/auction/auction_node.py:238)"
    classname="dec_control.pep257"
  >
      <failure message="D415: First line should end with a period, question mark, or exclamation point (not 'd')"/>
  </testcase>
  <testcase
    name="D400 (./build/dec_control/ament_cmake_python/decentralized_control/decentralized_control/auction/auction_node.py:266)"
    classname="dec_control.pep257"
  >
      <failure message="D400: First line should end with a period (not 's')"/>
  </testcase>
  <testcase
    name="D415 (./build/dec_control/ament_cmake_python/decentralized_control/decentralized_control/auction/auction_node.py:266)"
    classname="dec_control.pep257"
  >
      <failure message="D415: First line should end with a period, question mark, or exclamation point (not 's')"/>
  </testcase>
  <testcase
    name="D205 (./build/dec_control/ament_cmake_python/decentralized_control/decentralized_control/auction/auction_node.py:271)"
    classname="dec_control.pep257"
  >
      <failure message="D205: 1 blank line required between summary line and description (found 0)"/>
  </testcase>
  <testcase
    name="D401 (./build/dec_control/ament_cmake_python/decentralized_control/decentralized_control/auction/auction_node.py:271)"
    classname="dec_control.pep257"
  >
      <failure message="D401: First line should be in imperative mood; try rephrasing (found 'Main')"/>
  </testcase>
  <testcase
    name="D400 (./build/dec_control/ament_cmake_python/decentralized_control/decentralized_control/auction/auction_node.py:480)"
    classname="dec_control.pep257"
  >
      <failure message="D400: First line should end with a period (not 'k')"/>
  </testcase>
  <testcase
    name="D415 (./build/dec_control/ament_cmake_python/decentralized_control/decentralized_control/auction/auction_node.py:480)"
    classname="dec_control.pep257"
  >
      <failure message="D415: First line should end with a period, question mark, or exclamation point (not 'k')"/>
  </testcase>
  <testcase
    name="D400 (./build/dec_control/ament_cmake_python/decentralized_control/decentralized_control/auction/auction_node.py:581)"
    classname="dec_control.pep257"
  >
      <failure message="D400: First line should end with a period (not ')')"/>
  </testcase>
  <testcase
    name="D415 (./build/dec_control/ament_cmake_python/decentralized_control/decentralized_control/auction/auction_node.py:581)"
    classname="dec_control.pep257"
  >
      <failure message="D415: First line should end with a period, question mark, or exclamation point (not ')')"/>
  </testcase>
  <testcase
    name="D400 (./build/dec_control/ament_cmake_python/decentralized_control/decentralized_control/auction/auction_node.py:608)"
    classname="dec_control.pep257"
  >
      <failure message="D400: First line should end with a period (not 's')"/>
  </testcase>
  <testcase
    name="D415 (./build/dec_control/ament_cmake_python/decentralized_control/decentralized_control/auction/auction_node.py:608)"
    classname="dec_control.pep257"
  >
      <failure message="D415: First line should end with a period, question mark, or exclamation point (not 's')"/>
  </testcase>
  <testcase
    name="D400 (./build/dec_control/ament_cmake_python/decentralized_control/decentralized_control/auction/auction_node.py:626)"
    classname="dec_control.pep257"
  >
      <failure message="D400: First line should end with a period (not 's')"/>
  </testcase>
  <testcase
    name="D415 (./build/dec_control/ament_cmake_python/decentralized_control/decentralized_control/auction/auction_node.py:626)"
    classname="dec_control.pep257"
  >
      <failure message="D415: First line should end with a period, question mark, or exclamation point (not 's')"/>
  </testcase>
  <testcase
    name="D400 (./build/dec_control/ament_cmake_python/decentralized_control/decentralized_control/auction/auction_node.py:639)"
    classname="dec_control.pep257"
  >
      <failure message="D400: First line should end with a period (not 'e')"/>
  </testcase>
  <testcase
    name="D415 (./build/dec_control/ament_cmake_python/decentralized_control/decentralized_control/auction/auction_node.py:639)"
    classname="dec_control.pep257"
  >
      <failure message="D415: First line should end with a period, question mark, or exclamation point (not 'e')"/>
  </testcase>
  <testcase
    name="D400 (./build/dec_control/ament_cmake_python/decentralized_control/decentralized_control/auction/auction_node.py:695)"
    classname="dec_control.pep257"
  >
      <failure message="D400: First line should end with a period (not 's')"/>
  </testcase>
  <testcase
    name="D415 (./build/dec_control/ament_cmake_python/decentralized_control/decentralized_control/auction/auction_node.py:695)"
    classname="dec_control.pep257"
  >
      <failure message="D415: First line should end with a period, question mark, or exclamation point (not 's')"/>
  </testcase>
  <testcase
    name="D400 (./build/dec_control/ament_cmake_python/decentralized_control/decentralized_control/auction/auction_node.py:706)"
    classname="dec_control.pep257"
  >
      <failure message="D400: First line should end with a period (not 'l')"/>
  </testcase>
  <testcase
    name="D415 (./build/dec_control/ament_cmake_python/decentralized_control/decentralized_control/auction/auction_node.py:706)"
    classname="dec_control.pep257"
  >
      <failure message="D415: First line should end with a period, question mark, or exclamation point (not 'l')"/>
  </testcase>
  <testcase
    name="D400 (./build/dec_control/ament_cmake_python/decentralized_control/decentralized_control/auction/auction_node.py:718)"
    classname="dec_control.pep257"
  >
      <failure message="D400: First line should end with a period (not 'n')"/>
  </testcase>
  <testcase
    name="D415 (./build/dec_control/ament_cmake_python/decentralized_control/decentralized_control/auction/auction_node.py:718)"
    classname="dec_control.pep257"
  >
      <failure message="D415: First line should end with a period, question mark, or exclamation point (not 'n')"/>
  </testcase>
  <testcase
    name="./build/dec_control/ament_cmake_python/decentralized_control/decentralized_control/auction/auction_utils.py"
    classname="dec_control.pep257"/>
  <testcase
    name="D205 (./build/dec_control/ament_cmake_python/decentralized_control/decentralized_control/auction/bid_calculator.py:6)"
    classname="dec_control.pep257"
  >
      <failure message="D205: 1 blank line required between summary line and description (found 0)"/>
  </testcase>
  <testcase
    name="D413 (./build/dec_control/ament_cmake_python/decentralized_control/decentralized_control/auction/bid_calculator.py:12)"
    classname="dec_control.pep257"
  >
      <failure message="D413: Missing blank line after last section ('Parameters')"/>
  </testcase>
  <testcase
    name="D409 (./build/dec_control/ament_cmake_python/decentralized_control/decentralized_control/auction/bid_calculator.py:12)"
    classname="dec_control.pep257"
  >
      <failure message="D409: Section underline should match the length of its name (Expected 10 dashes in section 'Parameters', got 11)"/>
  </testcase>
  <testcase
    name="D406 (./build/dec_control/ament_cmake_python/decentralized_control/decentralized_control/auction/bid_calculator.py:12)"
    classname="dec_control.pep257"
  >
      <failure message="D406: Section name should end with a newline ('Parameters', not 'Parameters:')"/>
  </testcase>
  <testcase
    name="D409 (./build/dec_control/ament_cmake_python/decentralized_control/decentralized_control/auction/bid_calculator.py:29)"
    classname="dec_control.pep257"
  >
      <failure message="D409: Section underline should match the length of its name (Expected 10 dashes in section 'Parameters', got 11)"/>
  </testcase>
  <testcase
    name="D406 (./build/dec_control/ament_cmake_python/decentralized_control/decentralized_control/auction/bid_calculator.py:29)"
    classname="dec_control.pep257"
  >
      <failure message="D406: Section name should end with a newline ('Parameters', not 'Parameters:')"/>
  </testcase>
  <testcase
    name="D413 (./build/dec_control/ament_cmake_python/decentralized_control/decentralized_control/auction/bid_calculator.py:29)"
    classname="dec_control.pep257"
  >
      <failure message="D413: Missing blank line after last section ('Returns')"/>
  </testcase>
  <testcase
    name="D409 (./build/dec_control/ament_cmake_python/decentralized_control/decentralized_control/auction/bid_calculator.py:29)"
    classname="dec_control.pep257"
  >
      <failure message="D409: Section underline should match the length of its name (Expected 7 dashes in section 'Returns', got 8)"/>
  </testcase>
  <testcase
    name="D406 (./build/dec_control/ament_cmake_python/decentralized_control/decentralized_control/auction/bid_calculator.py:29)"
    classname="dec_control.pep257"
  >
      <failure message="D406: Section name should end with a newline ('Returns', not 'Returns:')"/>
  </testcase>
  <testcase
    name="./build/dec_control/ament_cmake_python/decentralized_control/decentralized_control/communication_middleware.py"
    classname="dec_control.pep257"/>
  <testcase
    name="D204 (./build/dec_control/ament_cmake_python/decentralized_control/decentralized_control/comparative_analysis.py:15)"
    classname="dec_control.pep257"
  >
      <failure message="D204: 1 blank line required after class docstring (found 0)"/>
  </testcase>
  <testcase
    name="D200 (./build/dec_control/ament_cmake_python/decentralized_control/decentralized_control/comparative_analysis.py:22)"
    classname="dec_control.pep257"
  >
      <failure message="D200: One-line docstring should fit on one line with quotes (found 3)"/>
  </testcase>
  <testcase
    name="D205 (./build/dec_control/ament_cmake_python/decentralized_control/decentralized_control/comparative_analysis.py:108)"
    classname="dec_control.pep257"
  >
      <failure message="D205: 1 blank line required between summary line and description (found 0)"/>
  </testcase>
  <testcase
    name="D205 (./build/dec_control/ament_cmake_python/decentralized_control/decentralized_control/comparative_analysis.py:164)"
    classname="dec_control.pep257"
  >
      <failure message="D205: 1 blank line required between summary line and description (found 0)"/>
  </testcase>
  <testcase
    name="D205 (./build/dec_control/ament_cmake_python/decentralized_control/decentralized_control/comparative_analysis.py:202)"
    classname="dec_control.pep257"
  >
      <failure message="D205: 1 blank line required between summary line and description (found 0)"/>
  </testcase>
  <testcase
    name="D205 (./build/dec_control/ament_cmake_python/decentralized_control/decentralized_control/comparative_analysis.py:256)"
    classname="dec_control.pep257"
  >
      <failure message="D205: 1 blank line required between summary line and description (found 0)"/>
  </testcase>
  <testcase
    name="D205 (./build/dec_control/ament_cmake_python/decentralized_control/decentralized_control/comparative_analysis.py:340)"
    classname="dec_control.pep257"
  >
      <failure message="D205: 1 blank line required between summary line and description (found 0)"/>
  </testcase>
  <testcase
    name="D400 (./build/dec_control/ament_cmake_python/decentralized_control/decentralized_control/comparative_analysis.py:340)"
    classname="dec_control.pep257"
  >
      <failure message="D400: First line should end with a period (not 's')"/>
  </testcase>
  <testcase
    name="D415 (./build/dec_control/ament_cmake_python/decentralized_control/decentralized_control/comparative_analysis.py:340)"
    classname="dec_control.pep257"
  >
      <failure message="D415: First line should end with a period, question mark, or exclamation point (not 's')"/>
  </testcase>
  <testcase
    name="./build/dec_control/ament_cmake_python/decentralized_control/decentralized_control/consensus/__init__.py"
    classname="dec_control.pep257"/>
  <testcase
    name="D205 (./build/dec_control/ament_cmake_python/decentralized_control/decentralized_control/consensus/consensus_node.py:11)"
    classname="dec_control.pep257"
  >
      <failure message="D205: 1 blank line required between summary line and description (found 0)"/>
  </testcase>
  <testcase
    name="D400 (./build/dec_control/ament_cmake_python/decentralized_control/decentralized_control/consensus/consensus_node.py:11)"
    classname="dec_control.pep257"
  >
      <failure message="D400: First line should end with a period (not 'g')"/>
  </testcase>
  <testcase
    name="D415 (./build/dec_control/ament_cmake_python/decentralized_control/decentralized_control/consensus/consensus_node.py:11)"
    classname="dec_control.pep257"
  >
      <failure message="D415: First line should end with a period, question mark, or exclamation point (not 'g')"/>
  </testcase>
  <testcase
    name="D400 (./build/dec_control/ament_cmake_python/decentralized_control/decentralized_control/consensus/consensus_node.py:62)"
    classname="dec_control.pep257"
  >
      <failure message="D400: First line should end with a period (not 's')"/>
  </testcase>
  <testcase
    name="D415 (./build/dec_control/ament_cmake_python/decentralized_control/decentralized_control/consensus/consensus_node.py:62)"
    classname="dec_control.pep257"
  >
      <failure message="D415: First line should end with a period, question mark, or exclamation point (not 's')"/>
  </testcase>
  <testcase
    name="D400 (./build/dec_control/ament_cmake_python/decentralized_control/decentralized_control/consensus/consensus_node.py:85)"
    classname="dec_control.pep257"
  >
      <failure message="D400: First line should end with a period (not 's')"/>
  </testcase>
  <testcase
    name="D415 (./build/dec_control/ament_cmake_python/decentralized_control/decentralized_control/consensus/consensus_node.py:85)"
    classname="dec_control.pep257"
  >
      <failure message="D415: First line should end with a period, question mark, or exclamation point (not 's')"/>
  </testcase>
  <testcase
    name="D400 (./build/dec_control/ament_cmake_python/decentralized_control/decentralized_control/consensus/consensus_node.py:90)"
    classname="dec_control.pep257"
  >
      <failure message="D400: First line should end with a period (not 'e')"/>
  </testcase>
  <testcase
    name="D415 (./build/dec_control/ament_cmake_python/decentralized_control/decentralized_control/consensus/consensus_node.py:90)"
    classname="dec_control.pep257"
  >
      <failure message="D415: First line should end with a period, question mark, or exclamation point (not 'e')"/>
  </testcase>
  <testcase
    name="D400 (./build/dec_control/ament_cmake_python/decentralized_control/decentralized_control/consensus/consensus_node.py:114)"
    classname="dec_control.pep257"
  >
      <failure message="D400: First line should end with a period (not 'n')"/>
  </testcase>
  <testcase
    name="D415 (./build/dec_control/ament_cmake_python/decentralized_control/decentralized_control/consensus/consensus_node.py:114)"
    classname="dec_control.pep257"
  >
      <failure message="D415: First line should end with a period, question mark, or exclamation point (not 'n')"/>
  </testcase>
  <testcase
    name="D205 (./build/dec_control/ament_cmake_python/decentralized_control/decentralized_control/consensus/time_varying_consensus.py:14)"
    classname="dec_control.pep257"
  >
      <failure message="D205: 1 blank line required between summary line and description (found 0)"/>
  </testcase>
  <testcase
    name="D400 (./build/dec_control/ament_cmake_python/decentralized_control/decentralized_control/consensus/time_varying_consensus.py:14)"
    classname="dec_control.pep257"
  >
      <failure message="D400: First line should end with a period (not 'r')"/>
  </testcase>
  <testcase
    name="D415 (./build/dec_control/ament_cmake_python/decentralized_control/decentralized_control/consensus/time_varying_consensus.py:14)"
    classname="dec_control.pep257"
  >
      <failure message="D415: First line should end with a period, question mark, or exclamation point (not 'r')"/>
  </testcase>
  <testcase
    name="D205 (./build/dec_control/ament_cmake_python/decentralized_control/decentralized_control/consensus/time_varying_consensus.py:164)"
    classname="dec_control.pep257"
  >
      <failure message="D205: 1 blank line required between summary line and description (found 0)"/>
  </testcase>
  <testcase
    name="./build/dec_control/ament_cmake_python/decentralized_control/decentralized_control/execution/__init__.py"
    classname="dec_control.pep257"/>
  <testcase
    name="D200 (./build/dec_control/ament_cmake_python/decentralized_control/decentralized_control/execution/collaborative_task_executor.py:13)"
    classname="dec_control.pep257"
  >
      <failure message="D200: One-line docstring should fit on one line with quotes (found 3)"/>
  </testcase>
  <testcase
    name="D205 (./build/dec_control/ament_cmake_python/decentralized_control/decentralized_control/execution/collaborative_task_executor.py:97)"
    classname="dec_control.pep257"
  >
      <failure message="D205: 1 blank line required between summary line and description (found 0)"/>
  </testcase>
  <testcase
    name="D400 (./build/dec_control/ament_cmake_python/decentralized_control/decentralized_control/execution/collaborative_task_executor.py:97)"
    classname="dec_control.pep257"
  >
      <failure message="D400: First line should end with a period (not 's')"/>
  </testcase>
  <testcase
    name="D415 (./build/dec_control/ament_cmake_python/decentralized_control/decentralized_control/execution/collaborative_task_executor.py:97)"
    classname="dec_control.pep257"
  >
      <failure message="D415: First line should end with a period, question mark, or exclamation point (not 's')"/>
  </testcase>
  <testcase
    name="D205 (./build/dec_control/ament_cmake_python/decentralized_control/decentralized_control/execution/collaborative_task_executor.py:151)"
    classname="dec_control.pep257"
  >
      <failure message="D205: 1 blank line required between summary line and description (found 0)"/>
  </testcase>
  <testcase
    name="D200 (./build/dec_control/ament_cmake_python/decentralized_control/decentralized_control/execution/execution_controller.py:20)"
    classname="dec_control.pep257"
  >
      <failure message="D200: One-line docstring should fit on one line with quotes (found 3)"/>
  </testcase>
  <testcase
    name="D200 (./build/dec_control/ament_cmake_python/decentralized_control/decentralized_control/execution/execution_controller.py:207)"
    classname="dec_control.pep257"
  >
      <failure message="D200: One-line docstring should fit on one line with quotes (found 3)"/>
  </testcase>
  <testcase
    name="D400 (./build/dec_control/ament_cmake_python/decentralized_control/decentralized_control/execution/execution_controller.py:305)"
    classname="dec_control.pep257"
  >
      <failure message="D400: First line should end with a period (not 'n')"/>
  </testcase>
  <testcase
    name="D415 (./build/dec_control/ament_cmake_python/decentralized_control/decentralized_control/execution/execution_controller.py:305)"
    classname="dec_control.pep257"
  >
      <failure message="D415: First line should end with a period, question mark, or exclamation point (not 'n')"/>
  </testcase>
  <testcase
    name="D400 (./build/dec_control/ament_cmake_python/decentralized_control/decentralized_control/execution/execution_controller.py:311)"
    classname="dec_control.pep257"
  >
      <failure message="D400: First line should end with a period (not 's')"/>
  </testcase>
  <testcase
    name="D415 (./build/dec_control/ament_cmake_python/decentralized_control/decentralized_control/execution/execution_controller.py:311)"
    classname="dec_control.pep257"
  >
      <failure message="D415: First line should end with a period, question mark, or exclamation point (not 's')"/>
  </testcase>
  <testcase
    name="D400 (./build/dec_control/ament_cmake_python/decentralized_control/decentralized_control/execution/execution_controller.py:372)"
    classname="dec_control.pep257"
  >
      <failure message="D400: First line should end with a period (not 'k')"/>
  </testcase>
  <testcase
    name="D415 (./build/dec_control/ament_cmake_python/decentralized_control/decentralized_control/execution/execution_controller.py:372)"
    classname="dec_control.pep257"
  >
      <failure message="D415: First line should end with a period, question mark, or exclamation point (not 'k')"/>
  </testcase>
  <testcase
    name="D400 (./build/dec_control/ament_cmake_python/decentralized_control/decentralized_control/execution/execution_controller.py:393)"
    classname="dec_control.pep257"
  >
      <failure message="D400: First line should end with a period (not 'n')"/>
  </testcase>
  <testcase
    name="D415 (./build/dec_control/ament_cmake_python/decentralized_control/decentralized_control/execution/execution_controller.py:393)"
    classname="dec_control.pep257"
  >
      <failure message="D415: First line should end with a period, question mark, or exclamation point (not 'n')"/>
  </testcase>
  <testcase
    name="D205 (./build/dec_control/ament_cmake_python/decentralized_control/decentralized_control/execution/force_control_manager.py:16)"
    classname="dec_control.pep257"
  >
      <failure message="D205: 1 blank line required between summary line and description (found 0)"/>
  </testcase>
  <testcase
    name="D400 (./build/dec_control/ament_cmake_python/decentralized_control/decentralized_control/execution/force_control_manager.py:16)"
    classname="dec_control.pep257"
  >
      <failure message="D400: First line should end with a period (not 'n')"/>
  </testcase>
  <testcase
    name="D415 (./build/dec_control/ament_cmake_python/decentralized_control/decentralized_control/execution/force_control_manager.py:16)"
    classname="dec_control.pep257"
  >
      <failure message="D415: First line should end with a period, question mark, or exclamation point (not 'n')"/>
  </testcase>
  <testcase
    name="D204 (./build/dec_control/ament_cmake_python/decentralized_control/decentralized_control/execution/timed_automata_executor.py:16)"
    classname="dec_control.pep257"
  >
      <failure message="D204: 1 blank line required after class docstring (found 0)"/>
  </testcase>
  <testcase
    name="D205 (./build/dec_control/ament_cmake_python/decentralized_control/decentralized_control/execution/timed_automata_executor.py:24)"
    classname="dec_control.pep257"
  >
      <failure message="D205: 1 blank line required between summary line and description (found 0)"/>
  </testcase>
  <testcase
    name="D400 (./build/dec_control/ament_cmake_python/decentralized_control/decentralized_control/execution/timed_automata_executor.py:24)"
    classname="dec_control.pep257"
  >
      <failure message="D400: First line should end with a period (not 'm')"/>
  </testcase>
  <testcase
    name="D415 (./build/dec_control/ament_cmake_python/decentralized_control/decentralized_control/execution/timed_automata_executor.py:24)"
    classname="dec_control.pep257"
  >
      <failure message="D415: First line should end with a period, question mark, or exclamation point (not 'm')"/>
  </testcase>
  <testcase
    name="D200 (./build/dec_control/ament_cmake_python/decentralized_control/decentralized_control/experiment_runner.py:16)"
    classname="dec_control.pep257"
  >
      <failure message="D200: One-line docstring should fit on one line with quotes (found 3)"/>
  </testcase>
  <testcase
    name="D205 (./build/dec_control/ament_cmake_python/decentralized_control/decentralized_control/industrial_scenarios.py:13)"
    classname="dec_control.pep257"
  >
      <failure message="D205: 1 blank line required between summary line and description (found 0)"/>
  </testcase>
  <testcase
    name="D400 (./build/dec_control/ament_cmake_python/decentralized_control/decentralized_control/industrial_scenarios.py:13)"
    classname="dec_control.pep257"
  >
      <failure message="D400: First line should end with a period (not ' ')"/>
  </testcase>
  <testcase
    name="D415 (./build/dec_control/ament_cmake_python/decentralized_control/decentralized_control/industrial_scenarios.py:13)"
    classname="dec_control.pep257"
  >
      <failure message="D415: First line should end with a period, question mark, or exclamation point (not ' ')"/>
  </testcase>
  <testcase
    name="D205 (./build/dec_control/ament_cmake_python/decentralized_control/decentralized_control/math_proof_validatior.py:16)"
    classname="dec_control.pep257"
  >
      <failure message="D205: 1 blank line required between summary line and description (found 0)"/>
  </testcase>
  <testcase
    name="D400 (./build/dec_control/ament_cmake_python/decentralized_control/decentralized_control/math_proof_validatior.py:16)"
    classname="dec_control.pep257"
  >
      <failure message="D400: First line should end with a period (not 'm')"/>
  </testcase>
  <testcase
    name="D415 (./build/dec_control/ament_cmake_python/decentralized_control/decentralized_control/math_proof_validatior.py:16)"
    classname="dec_control.pep257"
  >
      <failure message="D415: First line should end with a period, question mark, or exclamation point (not 'm')"/>
  </testcase>
  <testcase
    name="D200 (./build/dec_control/ament_cmake_python/decentralized_control/decentralized_control/metrics_collector.py:19)"
    classname="dec_control.pep257"
  >
      <failure message="D200: One-line docstring should fit on one line with quotes (found 3)"/>
  </testcase>
  <testcase
    name="./build/dec_control/ament_cmake_python/decentralized_control/decentralized_control/recovery/__init__.py"
    classname="dec_control.pep257"/>
  <testcase
    name="D205 (./build/dec_control/ament_cmake_python/decentralized_control/decentralized_control/recovery/partial_failure_recovery.py:14)"
    classname="dec_control.pep257"
  >
      <failure message="D205: 1 blank line required between summary line and description (found 0)"/>
  </testcase>
  <testcase
    name="D400 (./build/dec_control/ament_cmake_python/decentralized_control/decentralized_control/recovery/partial_failure_recovery.py:14)"
    classname="dec_control.pep257"
  >
      <failure message="D400: First line should end with a period (not 's')"/>
  </testcase>
  <testcase
    name="D415 (./build/dec_control/ament_cmake_python/decentralized_control/decentralized_control/recovery/partial_failure_recovery.py:14)"
    classname="dec_control.pep257"
  >
      <failure message="D415: First line should end with a period, question mark, or exclamation point (not 's')"/>
  </testcase>
  <testcase
    name="D205 (./build/dec_control/ament_cmake_python/decentralized_control/decentralized_control/recovery/partial_failure_recovery.py:180)"
    classname="dec_control.pep257"
  >
      <failure message="D205: 1 blank line required between summary line and description (found 0)"/>
  </testcase>
  <testcase
    name="D400 (./build/dec_control/ament_cmake_python/decentralized_control/decentralized_control/recovery/partial_failure_recovery.py:180)"
    classname="dec_control.pep257"
  >
      <failure message="D400: First line should end with a period (not 'e')"/>
  </testcase>
  <testcase
    name="D415 (./build/dec_control/ament_cmake_python/decentralized_control/decentralized_control/recovery/partial_failure_recovery.py:180)"
    classname="dec_control.pep257"
  >
      <failure message="D415: First line should end with a period, question mark, or exclamation point (not 'e')"/>
  </testcase>
  <testcase
    name="D200 (./build/dec_control/ament_cmake_python/decentralized_control/decentralized_control/recovery/recovery_node.py:11)"
    classname="dec_control.pep257"
  >
      <failure message="D200: One-line docstring should fit on one line with quotes (found 3)"/>
  </testcase>
  <testcase
    name="D400 (./build/dec_control/ament_cmake_python/decentralized_control/decentralized_control/recovery/recovery_node.py:79)"
    classname="dec_control.pep257"
  >
      <failure message="D400: First line should end with a period (not 's')"/>
  </testcase>
  <testcase
    name="D415 (./build/dec_control/ament_cmake_python/decentralized_control/decentralized_control/recovery/recovery_node.py:79)"
    classname="dec_control.pep257"
  >
      <failure message="D415: First line should end with a period, question mark, or exclamation point (not 's')"/>
  </testcase>
  <testcase
    name="D400 (./build/dec_control/ament_cmake_python/decentralized_control/decentralized_control/recovery/recovery_node.py:92)"
    classname="dec_control.pep257"
  >
      <failure message="D400: First line should end with a period (not 's')"/>
  </testcase>
  <testcase
    name="D415 (./build/dec_control/ament_cmake_python/decentralized_control/decentralized_control/recovery/recovery_node.py:92)"
    classname="dec_control.pep257"
  >
      <failure message="D415: First line should end with a period, question mark, or exclamation point (not 's')"/>
  </testcase>
  <testcase
    name="D400 (./build/dec_control/ament_cmake_python/decentralized_control/decentralized_control/recovery/recovery_node.py:106)"
    classname="dec_control.pep257"
  >
      <failure message="D400: First line should end with a period (not 'n')"/>
  </testcase>
  <testcase
    name="D415 (./build/dec_control/ament_cmake_python/decentralized_control/decentralized_control/recovery/recovery_node.py:106)"
    classname="dec_control.pep257"
  >
      <failure message="D415: First line should end with a period, question mark, or exclamation point (not 'n')"/>
  </testcase>
  <testcase
    name="D400 (./build/dec_control/ament_cmake_python/decentralized_control/decentralized_control/recovery/recovery_node.py:131)"
    classname="dec_control.pep257"
  >
      <failure message="D400: First line should end with a period (not 's')"/>
  </testcase>
  <testcase
    name="D415 (./build/dec_control/ament_cmake_python/decentralized_control/decentralized_control/recovery/recovery_node.py:131)"
    classname="dec_control.pep257"
  >
      <failure message="D415: First line should end with a period, question mark, or exclamation point (not 's')"/>
  </testcase>
  <testcase
    name="D400 (./build/dec_control/ament_cmake_python/decentralized_control/decentralized_control/recovery/recovery_node.py:161)"
    classname="dec_control.pep257"
  >
      <failure message="D400: First line should end with a period (not 'l')"/>
  </testcase>
  <testcase
    name="D415 (./build/dec_control/ament_cmake_python/decentralized_control/decentralized_control/recovery/recovery_node.py:161)"
    classname="dec_control.pep257"
  >
      <failure message="D415: First line should end with a period, question mark, or exclamation point (not 'l')"/>
  </testcase>
  <testcase
    name="D400 (./build/dec_control/ament_cmake_python/decentralized_control/decentralized_control/recovery/recovery_node.py:170)"
    classname="dec_control.pep257"
  >
      <failure message="D400: First line should end with a period (not 's')"/>
  </testcase>
  <testcase
    name="D415 (./build/dec_control/ament_cmake_python/decentralized_control/decentralized_control/recovery/recovery_node.py:170)"
    classname="dec_control.pep257"
  >
      <failure message="D415: First line should end with a period, question mark, or exclamation point (not 's')"/>
  </testcase>
  <testcase
    name="D400 (./build/dec_control/ament_cmake_python/decentralized_control/decentralized_control/recovery/recovery_node.py:182)"
    classname="dec_control.pep257"
  >
      <failure message="D400: First line should end with a period (not 's')"/>
  </testcase>
  <testcase
    name="D415 (./build/dec_control/ament_cmake_python/decentralized_control/decentralized_control/recovery/recovery_node.py:182)"
    classname="dec_control.pep257"
  >
      <failure message="D415: First line should end with a period, question mark, or exclamation point (not 's')"/>
  </testcase>
  <testcase
    name="./build/dec_control/ament_cmake_python/decentralized_control/decentralized_control/task_manager/__init__.py"
    classname="dec_control.pep257"/>
  <testcase
    name="D205 (./build/dec_control/ament_cmake_python/decentralized_control/decentralized_control/task_manager/critical_path_analyzer.py:15)"
    classname="dec_control.pep257"
  >
      <failure message="D205: 1 blank line required between summary line and description (found 0)"/>
  </testcase>
  <testcase
    name="D400 (./build/dec_control/ament_cmake_python/decentralized_control/decentralized_control/task_manager/critical_path_analyzer.py:15)"
    classname="dec_control.pep257"
  >
      <failure message="D400: First line should end with a period (not ')')"/>
  </testcase>
  <testcase
    name="D415 (./build/dec_control/ament_cmake_python/decentralized_control/decentralized_control/task_manager/critical_path_analyzer.py:15)"
    classname="dec_control.pep257"
  >
      <failure message="D415: First line should end with a period, question mark, or exclamation point (not ')')"/>
  </testcase>
  <testcase
    name="D205 (./build/dec_control/ament_cmake_python/decentralized_control/decentralized_control/task_manager/critical_path_analyzer.py:128)"
    classname="dec_control.pep257"
  >
      <failure message="D205: 1 blank line required between summary line and description (found 0)"/>
  </testcase>
  <testcase
    name="D205 (./build/dec_control/ament_cmake_python/decentralized_control/decentralized_control/task_manager/critical_path_analyzer.py:176)"
    classname="dec_control.pep257"
  >
      <failure message="D205: 1 blank line required between summary line and description (found 0)"/>
  </testcase>
  <testcase
    name="D200 (./build/dec_control/ament_cmake_python/decentralized_control/decentralized_control/task_manager/task_manager_node.py:13)"
    classname="dec_control.pep257"
  >
      <failure message="D200: One-line docstring should fit on one line with quotes (found 3)"/>
  </testcase>
  <testcase
    name="D400 (./build/dec_control/ament_cmake_python/decentralized_control/decentralized_control/task_manager/task_manager_node.py:62)"
    classname="dec_control.pep257"
  >
      <failure message="D400: First line should end with a period (not 't')"/>
  </testcase>
  <testcase
    name="D415 (./build/dec_control/ament_cmake_python/decentralized_control/decentralized_control/task_manager/task_manager_node.py:62)"
    classname="dec_control.pep257"
  >
      <failure message="D415: First line should end with a period, question mark, or exclamation point (not 't')"/>
  </testcase>
  <testcase
    name="D400 (./build/dec_control/ament_cmake_python/decentralized_control/decentralized_control/task_manager/task_manager_node.py:137)"
    classname="dec_control.pep257"
  >
      <failure message="D400: First line should end with a period (not 'h')"/>
  </testcase>
  <testcase
    name="D415 (./build/dec_control/ament_cmake_python/decentralized_control/decentralized_control/task_manager/task_manager_node.py:137)"
    classname="dec_control.pep257"
  >
      <failure message="D415: First line should end with a period, question mark, or exclamation point (not 'h')"/>
  </testcase>
  <testcase
    name="D400 (./build/dec_control/ament_cmake_python/decentralized_control/decentralized_control/task_manager/task_manager_node.py:186)"
    classname="dec_control.pep257"
  >
      <failure message="D400: First line should end with a period (not 's')"/>
  </testcase>
  <testcase
    name="D415 (./build/dec_control/ament_cmake_python/decentralized_control/decentralized_control/task_manager/task_manager_node.py:186)"
    classname="dec_control.pep257"
  >
      <failure message="D415: First line should end with a period, question mark, or exclamation point (not 's')"/>
  </testcase>
  <testcase
    name="D400 (./build/dec_control/ament_cmake_python/decentralized_control/decentralized_control/task_manager/task_manager_node.py:205)"
    classname="dec_control.pep257"
  >
      <failure message="D400: First line should end with a period (not 'n')"/>
  </testcase>
  <testcase
    name="D415 (./build/dec_control/ament_cmake_python/decentralized_control/decentralized_control/task_manager/task_manager_node.py:205)"
    classname="dec_control.pep257"
  >
      <failure message="D415: First line should end with a period, question mark, or exclamation point (not 'n')"/>
  </testcase>
  <testcase
    name="D400 (./build/dec_control/ament_cmake_python/decentralized_control/decentralized_control/task_manager/task_manager_node.py:212)"
    classname="dec_control.pep257"
  >
      <failure message="D400: First line should end with a period (not 's')"/>
  </testcase>
  <testcase
    name="D415 (./build/dec_control/ament_cmake_python/decentralized_control/decentralized_control/task_manager/task_manager_node.py:212)"
    classname="dec_control.pep257"
  >
      <failure message="D415: First line should end with a period, question mark, or exclamation point (not 's')"/>
  </testcase>
  <testcase
    name="D400 (./build/dec_control/ament_cmake_python/decentralized_control/decentralized_control/task_manager/task_manager_node.py:226)"
    classname="dec_control.pep257"
  >
      <failure message="D400: First line should end with a period (not 's')"/>
  </testcase>
  <testcase
    name="D415 (./build/dec_control/ament_cmake_python/decentralized_control/decentralized_control/task_manager/task_manager_node.py:226)"
    classname="dec_control.pep257"
  >
      <failure message="D415: First line should end with a period, question mark, or exclamation point (not 's')"/>
  </testcase>
  <testcase
    name="D400 (./build/dec_control/ament_cmake_python/decentralized_control/decentralized_control/task_manager/task_manager_node.py:232)"
    classname="dec_control.pep257"
  >
      <failure message="D400: First line should end with a period (not 'n')"/>
  </testcase>
  <testcase
    name="D415 (./build/dec_control/ament_cmake_python/decentralized_control/decentralized_control/task_manager/task_manager_node.py:232)"
    classname="dec_control.pep257"
  >
      <failure message="D415: First line should end with a period, question mark, or exclamation point (not 'n')"/>
  </testcase>
  <testcase
    name="./build/dec_control/ament_cmake_python/decentralized_control/decentralized_control/utils/__init__.py"
    classname="dec_control.pep257"/>
  <testcase
    name="./build/dec_control/ament_cmake_python/decentralized_control/decentralized_control/utils/robot_utils.py"
    classname="dec_control.pep257"/>
  <testcase
    name="D200 (./build/dec_control/ament_cmake_python/decentralized_control/decentralized_control/utils/task_dependency_analyzer.py:12)"
    classname="dec_control.pep257"
  >
      <failure message="D200: One-line docstring should fit on one line with quotes (found 3)"/>
  </testcase>
  <testcase
    name="./build/dec_control/ament_cmake_python/decentralized_control/decentralized_control/utils/task_utils.py"
    classname="dec_control.pep257"/>
  <testcase
    name="./build/dec_control/ament_cmake_python/decentralized_control/setup.py"
    classname="dec_control.pep257"/>
  <testcase
    name="./build/dec_control/rosidl_generator_py/dec_control/__init__.py"
    classname="dec_control.pep257"/>
  <testcase
    name="./build/dec_control/rosidl_generator_py/dec_control/msg/__init__.py"
    classname="dec_control.pep257"/>
  <testcase
    name="./build/dec_control/rosidl_generator_py/dec_control/msg/_bid.py"
    classname="dec_control.pep257"/>
  <testcase
    name="./build/dec_control/rosidl_generator_py/dec_control/msg/_capability_update.py"
    classname="dec_control.pep257"/>
  <testcase
    name="./build/dec_control/rosidl_generator_py/dec_control/msg/_collaboration_request.py"
    classname="dec_control.pep257"/>
  <testcase
    name="./build/dec_control/rosidl_generator_py/dec_control/msg/_collaboration_response.py"
    classname="dec_control.pep257"/>
  <testcase
    name="./build/dec_control/rosidl_generator_py/dec_control/msg/_heartbeat.py"
    classname="dec_control.pep257"/>
  <testcase
    name="./build/dec_control/rosidl_generator_py/dec_control/msg/_network_topology.py"
    classname="dec_control.pep257"/>
  <testcase
    name="./build/dec_control/rosidl_generator_py/dec_control/msg/_recovery_status.py"
    classname="dec_control.pep257"/>
  <testcase
    name="./build/dec_control/rosidl_generator_py/dec_control/msg/_robot_state.py"
    classname="dec_control.pep257"/>
  <testcase
    name="./build/dec_control/rosidl_generator_py/dec_control/msg/_synchronization_signal.py"
    classname="dec_control.pep257"/>
  <testcase
    name="./build/dec_control/rosidl_generator_py/dec_control/msg/_task.py"
    classname="dec_control.pep257"/>
  <testcase
    name="./build/dec_control/rosidl_generator_py/dec_control/msg/_task_assignment.py"
    classname="dec_control.pep257"/>
  <testcase
    name="./build/dec_control/rosidl_generator_py/dec_control/msg/_task_list.py"
    classname="dec_control.pep257"/>
  <testcase
    name="./build/dec_control/rosidl_generator_py/dec_control/msg/_task_priority.py"
    classname="dec_control.pep257"/>
  <testcase
    name="./build/dec_control/rosidl_generator_py/dec_control/srv/__init__.py"
    classname="dec_control.pep257"/>
  <testcase
    name="./build/dec_control/rosidl_generator_py/dec_control/srv/_get_available_tasks.py"
    classname="dec_control.pep257"/>
  <testcase
    name="./build/dec_control/rosidl_generator_py/dec_control/srv/_init_auction.py"
    classname="dec_control.pep257"/>
  <testcase
    name="./build/dec_control/rosidl_generator_py/dec_control/srv/_submit_bid.py"
    classname="dec_control.pep257"/>
  <testcase
    name="./decentralized_control/__init__.py"
    classname="dec_control.pep257"/>
  <testcase
    name="./decentralized_control/auction/__init__.py"
    classname="dec_control.pep257"/>
  <testcase
    name="D205 (./decentralized_control/auction/auction_node.py:16)"
    classname="dec_control.pep257"
  >
      <failure message="D205: 1 blank line required between summary line and description (found 0)"/>
  </testcase>
  <testcase
    name="D400 (./decentralized_control/auction/auction_node.py:145)"
    classname="dec_control.pep257"
  >
      <failure message="D400: First line should end with a period (not 's')"/>
  </testcase>
  <testcase
    name="D415 (./decentralized_control/auction/auction_node.py:145)"
    classname="dec_control.pep257"
  >
      <failure message="D415: First line should end with a period, question mark, or exclamation point (not 's')"/>
  </testcase>
  <testcase
    name="D400 (./decentralized_control/auction/auction_node.py:164)"
    classname="dec_control.pep257"
  >
      <failure message="D400: First line should end with a period (not 's')"/>
  </testcase>
  <testcase
    name="D415 (./decentralized_control/auction/auction_node.py:164)"
    classname="dec_control.pep257"
  >
      <failure message="D415: First line should end with a period, question mark, or exclamation point (not 's')"/>
  </testcase>
  <testcase
    name="D400 (./decentralized_control/auction/auction_node.py:182)"
    classname="dec_control.pep257"
  >
      <failure message="D400: First line should end with a period (not 's')"/>
  </testcase>
  <testcase
    name="D415 (./decentralized_control/auction/auction_node.py:182)"
    classname="dec_control.pep257"
  >
      <failure message="D415: First line should end with a period, question mark, or exclamation point (not 's')"/>
  </testcase>
  <testcase
    name="D400 (./decentralized_control/auction/auction_node.py:207)"
    classname="dec_control.pep257"
  >
      <failure message="D400: First line should end with a period (not 's')"/>
  </testcase>
  <testcase
    name="D415 (./decentralized_control/auction/auction_node.py:207)"
    classname="dec_control.pep257"
  >
      <failure message="D415: First line should end with a period, question mark, or exclamation point (not 's')"/>
  </testcase>
  <testcase
    name="D400 (./decentralized_control/auction/auction_node.py:216)"
    classname="dec_control.pep257"
  >
      <failure message="D400: First line should end with a period (not 'n')"/>
  </testcase>
  <testcase
    name="D415 (./decentralized_control/auction/auction_node.py:216)"
    classname="dec_control.pep257"
  >
      <failure message="D415: First line should end with a period, question mark, or exclamation point (not 'n')"/>
  </testcase>
  <testcase
    name="D400 (./decentralized_control/auction/auction_node.py:220)"
    classname="dec_control.pep257"
  >
      <failure message="D400: First line should end with a period (not 's')"/>
  </testcase>
  <testcase
    name="D415 (./decentralized_control/auction/auction_node.py:220)"
    classname="dec_control.pep257"
  >
      <failure message="D415: First line should end with a period, question mark, or exclamation point (not 's')"/>
  </testcase>
  <testcase
    name="D400 (./decentralized_control/auction/auction_node.py:238)"
    classname="dec_control.pep257"
  >
      <failure message="D400: First line should end with a period (not 'd')"/>
  </testcase>
  <testcase
    name="D415 (./decentralized_control/auction/auction_node.py:238)"
    classname="dec_control.pep257"
  >
      <failure message="D415: First line should end with a period, question mark, or exclamation point (not 'd')"/>
  </testcase>
  <testcase
    name="D400 (./decentralized_control/auction/auction_node.py:266)"
    classname="dec_control.pep257"
  >
      <failure message="D400: First line should end with a period (not 's')"/>
  </testcase>
  <testcase
    name="D415 (./decentralized_control/auction/auction_node.py:266)"
    classname="dec_control.pep257"
  >
      <failure message="D415: First line should end with a period, question mark, or exclamation point (not 's')"/>
  </testcase>
  <testcase
    name="D205 (./decentralized_control/auction/auction_node.py:271)"
    classname="dec_control.pep257"
  >
      <failure message="D205: 1 blank line required between summary line and description (found 0)"/>
  </testcase>
  <testcase
    name="D401 (./decentralized_control/auction/auction_node.py:271)"
    classname="dec_control.pep257"
  >
      <failure message="D401: First line should be in imperative mood; try rephrasing (found 'Main')"/>
  </testcase>
  <testcase
    name="D400 (./decentralized_control/auction/auction_node.py:480)"
    classname="dec_control.pep257"
  >
      <failure message="D400: First line should end with a period (not 'k')"/>
  </testcase>
  <testcase
    name="D415 (./decentralized_control/auction/auction_node.py:480)"
    classname="dec_control.pep257"
  >
      <failure message="D415: First line should end with a period, question mark, or exclamation point (not 'k')"/>
  </testcase>
  <testcase
    name="D400 (./decentralized_control/auction/auction_node.py:581)"
    classname="dec_control.pep257"
  >
      <failure message="D400: First line should end with a period (not ')')"/>
  </testcase>
  <testcase
    name="D415 (./decentralized_control/auction/auction_node.py:581)"
    classname="dec_control.pep257"
  >
      <failure message="D415: First line should end with a period, question mark, or exclamation point (not ')')"/>
  </testcase>
  <testcase
    name="D400 (./decentralized_control/auction/auction_node.py:608)"
    classname="dec_control.pep257"
  >
      <failure message="D400: First line should end with a period (not 's')"/>
  </testcase>
  <testcase
    name="D415 (./decentralized_control/auction/auction_node.py:608)"
    classname="dec_control.pep257"
  >
      <failure message="D415: First line should end with a period, question mark, or exclamation point (not 's')"/>
  </testcase>
  <testcase
    name="D400 (./decentralized_control/auction/auction_node.py:626)"
    classname="dec_control.pep257"
  >
      <failure message="D400: First line should end with a period (not 's')"/>
  </testcase>
  <testcase
    name="D415 (./decentralized_control/auction/auction_node.py:626)"
    classname="dec_control.pep257"
  >
      <failure message="D415: First line should end with a period, question mark, or exclamation point (not 's')"/>
  </testcase>
  <testcase
    name="D400 (./decentralized_control/auction/auction_node.py:639)"
    classname="dec_control.pep257"
  >
      <failure message="D400: First line should end with a period (not 'e')"/>
  </testcase>
  <testcase
    name="D415 (./decentralized_control/auction/auction_node.py:639)"
    classname="dec_control.pep257"
  >
      <failure message="D415: First line should end with a period, question mark, or exclamation point (not 'e')"/>
  </testcase>
  <testcase
    name="D400 (./decentralized_control/auction/auction_node.py:695)"
    classname="dec_control.pep257"
  >
      <failure message="D400: First line should end with a period (not 's')"/>
  </testcase>
  <testcase
    name="D415 (./decentralized_control/auction/auction_node.py:695)"
    classname="dec_control.pep257"
  >
      <failure message="D415: First line should end with a period, question mark, or exclamation point (not 's')"/>
  </testcase>
  <testcase
    name="D400 (./decentralized_control/auction/auction_node.py:706)"
    classname="dec_control.pep257"
  >
      <failure message="D400: First line should end with a period (not 'l')"/>
  </testcase>
  <testcase
    name="D415 (./decentralized_control/auction/auction_node.py:706)"
    classname="dec_control.pep257"
  >
      <failure message="D415: First line should end with a period, question mark, or exclamation point (not 'l')"/>
  </testcase>
  <testcase
    name="D400 (./decentralized_control/auction/auction_node.py:718)"
    classname="dec_control.pep257"
  >
      <failure message="D400: First line should end with a period (not 'n')"/>
  </testcase>
  <testcase
    name="D415 (./decentralized_control/auction/auction_node.py:718)"
    classname="dec_control.pep257"
  >
      <failure message="D415: First line should end with a period, question mark, or exclamation point (not 'n')"/>
  </testcase>
  <testcase
    name="./decentralized_control/auction/auction_utils.py"
    classname="dec_control.pep257"/>
  <testcase
    name="D205 (./decentralized_control/auction/bid_calculator.py:6)"
    classname="dec_control.pep257"
  >
      <failure message="D205: 1 blank line required between summary line and description (found 0)"/>
  </testcase>
  <testcase
    name="D413 (./decentralized_control/auction/bid_calculator.py:12)"
    classname="dec_control.pep257"
  >
      <failure message="D413: Missing blank line after last section ('Parameters')"/>
  </testcase>
  <testcase
    name="D409 (./decentralized_control/auction/bid_calculator.py:12)"
    classname="dec_control.pep257"
  >
      <failure message="D409: Section underline should match the length of its name (Expected 10 dashes in section 'Parameters', got 11)"/>
  </testcase>
  <testcase
    name="D406 (./decentralized_control/auction/bid_calculator.py:12)"
    classname="dec_control.pep257"
  >
      <failure message="D406: Section name should end with a newline ('Parameters', not 'Parameters:')"/>
  </testcase>
  <testcase
    name="D409 (./decentralized_control/auction/bid_calculator.py:29)"
    classname="dec_control.pep257"
  >
      <failure message="D409: Section underline should match the length of its name (Expected 10 dashes in section 'Parameters', got 11)"/>
  </testcase>
  <testcase
    name="D406 (./decentralized_control/auction/bid_calculator.py:29)"
    classname="dec_control.pep257"
  >
      <failure message="D406: Section name should end with a newline ('Parameters', not 'Parameters:')"/>
  </testcase>
  <testcase
    name="D413 (./decentralized_control/auction/bid_calculator.py:29)"
    classname="dec_control.pep257"
  >
      <failure message="D413: Missing blank line after last section ('Returns')"/>
  </testcase>
  <testcase
    name="D409 (./decentralized_control/auction/bid_calculator.py:29)"
    classname="dec_control.pep257"
  >
      <failure message="D409: Section underline should match the length of its name (Expected 7 dashes in section 'Returns', got 8)"/>
  </testcase>
  <testcase
    name="D406 (./decentralized_control/auction/bid_calculator.py:29)"
    classname="dec_control.pep257"
  >
      <failure message="D406: Section name should end with a newline ('Returns', not 'Returns:')"/>
  </testcase>
  <testcase
    name="./decentralized_control/communication_middleware.py"
    classname="dec_control.pep257"/>
  <testcase
    name="D204 (./decentralized_control/comparative_analysis.py:15)"
    classname="dec_control.pep257"
  >
      <failure message="D204: 1 blank line required after class docstring (found 0)"/>
  </testcase>
  <testcase
    name="D200 (./decentralized_control/comparative_analysis.py:22)"
    classname="dec_control.pep257"
  >
      <failure message="D200: One-line docstring should fit on one line with quotes (found 3)"/>
  </testcase>
  <testcase
    name="D205 (./decentralized_control/comparative_analysis.py:108)"
    classname="dec_control.pep257"
  >
      <failure message="D205: 1 blank line required between summary line and description (found 0)"/>
  </testcase>
  <testcase
    name="D205 (./decentralized_control/comparative_analysis.py:164)"
    classname="dec_control.pep257"
  >
      <failure message="D205: 1 blank line required between summary line and description (found 0)"/>
  </testcase>
  <testcase
    name="D205 (./decentralized_control/comparative_analysis.py:202)"
    classname="dec_control.pep257"
  >
      <failure message="D205: 1 blank line required between summary line and description (found 0)"/>
  </testcase>
  <testcase
    name="D205 (./decentralized_control/comparative_analysis.py:256)"
    classname="dec_control.pep257"
  >
      <failure message="D205: 1 blank line required between summary line and description (found 0)"/>
  </testcase>
  <testcase
    name="D205 (./decentralized_control/comparative_analysis.py:340)"
    classname="dec_control.pep257"
  >
      <failure message="D205: 1 blank line required between summary line and description (found 0)"/>
  </testcase>
  <testcase
    name="D400 (./decentralized_control/comparative_analysis.py:340)"
    classname="dec_control.pep257"
  >
      <failure message="D400: First line should end with a period (not 's')"/>
  </testcase>
  <testcase
    name="D415 (./decentralized_control/comparative_analysis.py:340)"
    classname="dec_control.pep257"
  >
      <failure message="D415: First line should end with a period, question mark, or exclamation point (not 's')"/>
  </testcase>
  <testcase
    name="./decentralized_control/consensus/__init__.py"
    classname="dec_control.pep257"/>
  <testcase
    name="D205 (./decentralized_control/consensus/consensus_node.py:11)"
    classname="dec_control.pep257"
  >
      <failure message="D205: 1 blank line required between summary line and description (found 0)"/>
  </testcase>
  <testcase
    name="D400 (./decentralized_control/consensus/consensus_node.py:11)"
    classname="dec_control.pep257"
  >
      <failure message="D400: First line should end with a period (not 'g')"/>
  </testcase>
  <testcase
    name="D415 (./decentralized_control/consensus/consensus_node.py:11)"
    classname="dec_control.pep257"
  >
      <failure message="D415: First line should end with a period, question mark, or exclamation point (not 'g')"/>
  </testcase>
  <testcase
    name="D400 (./decentralized_control/consensus/consensus_node.py:62)"
    classname="dec_control.pep257"
  >
      <failure message="D400: First line should end with a period (not 's')"/>
  </testcase>
  <testcase
    name="D415 (./decentralized_control/consensus/consensus_node.py:62)"
    classname="dec_control.pep257"
  >
      <failure message="D415: First line should end with a period, question mark, or exclamation point (not 's')"/>
  </testcase>
  <testcase
    name="D400 (./decentralized_control/consensus/consensus_node.py:85)"
    classname="dec_control.pep257"
  >
      <failure message="D400: First line should end with a period (not 's')"/>
  </testcase>
  <testcase
    name="D415 (./decentralized_control/consensus/consensus_node.py:85)"
    classname="dec_control.pep257"
  >
      <failure message="D415: First line should end with a period, question mark, or exclamation point (not 's')"/>
  </testcase>
  <testcase
    name="D400 (./decentralized_control/consensus/consensus_node.py:90)"
    classname="dec_control.pep257"
  >
      <failure message="D400: First line should end with a period (not 'e')"/>
  </testcase>
  <testcase
    name="D415 (./decentralized_control/consensus/consensus_node.py:90)"
    classname="dec_control.pep257"
  >
      <failure message="D415: First line should end with a period, question mark, or exclamation point (not 'e')"/>
  </testcase>
  <testcase
    name="D400 (./decentralized_control/consensus/consensus_node.py:114)"
    classname="dec_control.pep257"
  >
      <failure message="D400: First line should end with a period (not 'n')"/>
  </testcase>
  <testcase
    name="D415 (./decentralized_control/consensus/consensus_node.py:114)"
    classname="dec_control.pep257"
  >
      <failure message="D415: First line should end with a period, question mark, or exclamation point (not 'n')"/>
  </testcase>
  <testcase
    name="D205 (./decentralized_control/consensus/time_varying_consensus.py:14)"
    classname="dec_control.pep257"
  >
      <failure message="D205: 1 blank line required between summary line and description (found 0)"/>
  </testcase>
  <testcase
    name="D400 (./decentralized_control/consensus/time_varying_consensus.py:14)"
    classname="dec_control.pep257"
  >
      <failure message="D400: First line should end with a period (not 'r')"/>
  </testcase>
  <testcase
    name="D415 (./decentralized_control/consensus/time_varying_consensus.py:14)"
    classname="dec_control.pep257"
  >
      <failure message="D415: First line should end with a period, question mark, or exclamation point (not 'r')"/>
  </testcase>
  <testcase
    name="D205 (./decentralized_control/consensus/time_varying_consensus.py:164)"
    classname="dec_control.pep257"
  >
      <failure message="D205: 1 blank line required between summary line and description (found 0)"/>
  </testcase>
  <testcase
    name="./decentralized_control/execution/__init__.py"
    classname="dec_control.pep257"/>
  <testcase
    name="D200 (./decentralized_control/execution/collaborative_task_executor.py:13)"
    classname="dec_control.pep257"
  >
      <failure message="D200: One-line docstring should fit on one line with quotes (found 3)"/>
  </testcase>
  <testcase
    name="D205 (./decentralized_control/execution/collaborative_task_executor.py:97)"
    classname="dec_control.pep257"
  >
      <failure message="D205: 1 blank line required between summary line and description (found 0)"/>
  </testcase>
  <testcase
    name="D400 (./decentralized_control/execution/collaborative_task_executor.py:97)"
    classname="dec_control.pep257"
  >
      <failure message="D400: First line should end with a period (not 's')"/>
  </testcase>
  <testcase
    name="D415 (./decentralized_control/execution/collaborative_task_executor.py:97)"
    classname="dec_control.pep257"
  >
      <failure message="D415: First line should end with a period, question mark, or exclamation point (not 's')"/>
  </testcase>
  <testcase
    name="D205 (./decentralized_control/execution/collaborative_task_executor.py:151)"
    classname="dec_control.pep257"
  >
      <failure message="D205: 1 blank line required between summary line and description (found 0)"/>
  </testcase>
  <testcase
    name="D200 (./decentralized_control/execution/execution_controller.py:20)"
    classname="dec_control.pep257"
  >
      <failure message="D200: One-line docstring should fit on one line with quotes (found 3)"/>
  </testcase>
  <testcase
    name="D200 (./decentralized_control/execution/execution_controller.py:207)"
    classname="dec_control.pep257"
  >
      <failure message="D200: One-line docstring should fit on one line with quotes (found 3)"/>
  </testcase>
  <testcase
    name="D400 (./decentralized_control/execution/execution_controller.py:305)"
    classname="dec_control.pep257"
  >
      <failure message="D400: First line should end with a period (not 'n')"/>
  </testcase>
  <testcase
    name="D415 (./decentralized_control/execution/execution_controller.py:305)"
    classname="dec_control.pep257"
  >
      <failure message="D415: First line should end with a period, question mark, or exclamation point (not 'n')"/>
  </testcase>
  <testcase
    name="D400 (./decentralized_control/execution/execution_controller.py:311)"
    classname="dec_control.pep257"
  >
      <failure message="D400: First line should end with a period (not 's')"/>
  </testcase>
  <testcase
    name="D415 (./decentralized_control/execution/execution_controller.py:311)"
    classname="dec_control.pep257"
  >
      <failure message="D415: First line should end with a period, question mark, or exclamation point (not 's')"/>
  </testcase>
  <testcase
    name="D400 (./decentralized_control/execution/execution_controller.py:372)"
    classname="dec_control.pep257"
  >
      <failure message="D400: First line should end with a period (not 'k')"/>
  </testcase>
  <testcase
    name="D415 (./decentralized_control/execution/execution_controller.py:372)"
    classname="dec_control.pep257"
  >
      <failure message="D415: First line should end with a period, question mark, or exclamation point (not 'k')"/>
  </testcase>
  <testcase
    name="D400 (./decentralized_control/execution/execution_controller.py:393)"
    classname="dec_control.pep257"
  >
      <failure message="D400: First line should end with a period (not 'n')"/>
  </testcase>
  <testcase
    name="D415 (./decentralized_control/execution/execution_controller.py:393)"
    classname="dec_control.pep257"
  >
      <failure message="D415: First line should end with a period, question mark, or exclamation point (not 'n')"/>
  </testcase>
  <testcase
    name="D205 (./decentralized_control/execution/force_control_manager.py:16)"
    classname="dec_control.pep257"
  >
      <failure message="D205: 1 blank line required between summary line and description (found 0)"/>
  </testcase>
  <testcase
    name="D400 (./decentralized_control/execution/force_control_manager.py:16)"
    classname="dec_control.pep257"
  >
      <failure message="D400: First line should end with a period (not 'n')"/>
  </testcase>
  <testcase
    name="D415 (./decentralized_control/execution/force_control_manager.py:16)"
    classname="dec_control.pep257"
  >
      <failure message="D415: First line should end with a period, question mark, or exclamation point (not 'n')"/>
  </testcase>
  <testcase
    name="D204 (./decentralized_control/execution/timed_automata_executor.py:16)"
    classname="dec_control.pep257"
  >
      <failure message="D204: 1 blank line required after class docstring (found 0)"/>
  </testcase>
  <testcase
    name="D205 (./decentralized_control/execution/timed_automata_executor.py:24)"
    classname="dec_control.pep257"
  >
      <failure message="D205: 1 blank line required between summary line and description (found 0)"/>
  </testcase>
  <testcase
    name="D400 (./decentralized_control/execution/timed_automata_executor.py:24)"
    classname="dec_control.pep257"
  >
      <failure message="D400: First line should end with a period (not 'm')"/>
  </testcase>
  <testcase
    name="D415 (./decentralized_control/execution/timed_automata_executor.py:24)"
    classname="dec_control.pep257"
  >
      <failure message="D415: First line should end with a period, question mark, or exclamation point (not 'm')"/>
  </testcase>
  <testcase
    name="D200 (./decentralized_control/experiment_runner.py:16)"
    classname="dec_control.pep257"
  >
      <failure message="D200: One-line docstring should fit on one line with quotes (found 3)"/>
  </testcase>
  <testcase
    name="D205 (./decentralized_control/industrial_scenarios.py:13)"
    classname="dec_control.pep257"
  >
      <failure message="D205: 1 blank line required between summary line and description (found 0)"/>
  </testcase>
  <testcase
    name="D400 (./decentralized_control/industrial_scenarios.py:13)"
    classname="dec_control.pep257"
  >
      <failure message="D400: First line should end with a period (not ' ')"/>
  </testcase>
  <testcase
    name="D415 (./decentralized_control/industrial_scenarios.py:13)"
    classname="dec_control.pep257"
  >
      <failure message="D415: First line should end with a period, question mark, or exclamation point (not ' ')"/>
  </testcase>
  <testcase
    name="D205 (./decentralized_control/math_proof_validatior.py:16)"
    classname="dec_control.pep257"
  >
      <failure message="D205: 1 blank line required between summary line and description (found 0)"/>
  </testcase>
  <testcase
    name="D400 (./decentralized_control/math_proof_validatior.py:16)"
    classname="dec_control.pep257"
  >
      <failure message="D400: First line should end with a period (not 'm')"/>
  </testcase>
  <testcase
    name="D415 (./decentralized_control/math_proof_validatior.py:16)"
    classname="dec_control.pep257"
  >
      <failure message="D415: First line should end with a period, question mark, or exclamation point (not 'm')"/>
  </testcase>
  <testcase
    name="D200 (./decentralized_control/metrics_collector.py:19)"
    classname="dec_control.pep257"
  >
      <failure message="D200: One-line docstring should fit on one line with quotes (found 3)"/>
  </testcase>
  <testcase
    name="./decentralized_control/recovery/__init__.py"
    classname="dec_control.pep257"/>
  <testcase
    name="D205 (./decentralized_control/recovery/partial_failure_recovery.py:14)"
    classname="dec_control.pep257"
  >
      <failure message="D205: 1 blank line required between summary line and description (found 0)"/>
  </testcase>
  <testcase
    name="D400 (./decentralized_control/recovery/partial_failure_recovery.py:14)"
    classname="dec_control.pep257"
  >
      <failure message="D400: First line should end with a period (not 's')"/>
  </testcase>
  <testcase
    name="D415 (./decentralized_control/recovery/partial_failure_recovery.py:14)"
    classname="dec_control.pep257"
  >
      <failure message="D415: First line should end with a period, question mark, or exclamation point (not 's')"/>
  </testcase>
  <testcase
    name="D205 (./decentralized_control/recovery/partial_failure_recovery.py:180)"
    classname="dec_control.pep257"
  >
      <failure message="D205: 1 blank line required between summary line and description (found 0)"/>
  </testcase>
  <testcase
    name="D400 (./decentralized_control/recovery/partial_failure_recovery.py:180)"
    classname="dec_control.pep257"
  >
      <failure message="D400: First line should end with a period (not 'e')"/>
  </testcase>
  <testcase
    name="D415 (./decentralized_control/recovery/partial_failure_recovery.py:180)"
    classname="dec_control.pep257"
  >
      <failure message="D415: First line should end with a period, question mark, or exclamation point (not 'e')"/>
  </testcase>
  <testcase
    name="D200 (./decentralized_control/recovery/recovery_node.py:11)"
    classname="dec_control.pep257"
  >
      <failure message="D200: One-line docstring should fit on one line with quotes (found 3)"/>
  </testcase>
  <testcase
    name="D400 (./decentralized_control/recovery/recovery_node.py:79)"
    classname="dec_control.pep257"
  >
      <failure message="D400: First line should end with a period (not 's')"/>
  </testcase>
  <testcase
    name="D415 (./decentralized_control/recovery/recovery_node.py:79)"
    classname="dec_control.pep257"
  >
      <failure message="D415: First line should end with a period, question mark, or exclamation point (not 's')"/>
  </testcase>
  <testcase
    name="D400 (./decentralized_control/recovery/recovery_node.py:92)"
    classname="dec_control.pep257"
  >
      <failure message="D400: First line should end with a period (not 's')"/>
  </testcase>
  <testcase
    name="D415 (./decentralized_control/recovery/recovery_node.py:92)"
    classname="dec_control.pep257"
  >
      <failure message="D415: First line should end with a period, question mark, or exclamation point (not 's')"/>
  </testcase>
  <testcase
    name="D400 (./decentralized_control/recovery/recovery_node.py:106)"
    classname="dec_control.pep257"
  >
      <failure message="D400: First line should end with a period (not 'n')"/>
  </testcase>
  <testcase
    name="D415 (./decentralized_control/recovery/recovery_node.py:106)"
    classname="dec_control.pep257"
  >
      <failure message="D415: First line should end with a period, question mark, or exclamation point (not 'n')"/>
  </testcase>
  <testcase
    name="D400 (./decentralized_control/recovery/recovery_node.py:131)"
    classname="dec_control.pep257"
  >
      <failure message="D400: First line should end with a period (not 's')"/>
  </testcase>
  <testcase
    name="D415 (./decentralized_control/recovery/recovery_node.py:131)"
    classname="dec_control.pep257"
  >
      <failure message="D415: First line should end with a period, question mark, or exclamation point (not 's')"/>
  </testcase>
  <testcase
    name="D400 (./decentralized_control/recovery/recovery_node.py:161)"
    classname="dec_control.pep257"
  >
      <failure message="D400: First line should end with a period (not 'l')"/>
  </testcase>
  <testcase
    name="D415 (./decentralized_control/recovery/recovery_node.py:161)"
    classname="dec_control.pep257"
  >
      <failure message="D415: First line should end with a period, question mark, or exclamation point (not 'l')"/>
  </testcase>
  <testcase
    name="D400 (./decentralized_control/recovery/recovery_node.py:170)"
    classname="dec_control.pep257"
  >
      <failure message="D400: First line should end with a period (not 's')"/>
  </testcase>
  <testcase
    name="D415 (./decentralized_control/recovery/recovery_node.py:170)"
    classname="dec_control.pep257"
  >
      <failure message="D415: First line should end with a period, question mark, or exclamation point (not 's')"/>
  </testcase>
  <testcase
    name="D400 (./decentralized_control/recovery/recovery_node.py:182)"
    classname="dec_control.pep257"
  >
      <failure message="D400: First line should end with a period (not 's')"/>
  </testcase>
  <testcase
    name="D415 (./decentralized_control/recovery/recovery_node.py:182)"
    classname="dec_control.pep257"
  >
      <failure message="D415: First line should end with a period, question mark, or exclamation point (not 's')"/>
  </testcase>
  <testcase
    name="./decentralized_control/task_manager/__init__.py"
    classname="dec_control.pep257"/>
  <testcase
    name="D205 (./decentralized_control/task_manager/critical_path_analyzer.py:15)"
    classname="dec_control.pep257"
  >
      <failure message="D205: 1 blank line required between summary line and description (found 0)"/>
  </testcase>
  <testcase
    name="D400 (./decentralized_control/task_manager/critical_path_analyzer.py:15)"
    classname="dec_control.pep257"
  >
      <failure message="D400: First line should end with a period (not ')')"/>
  </testcase>
  <testcase
    name="D415 (./decentralized_control/task_manager/critical_path_analyzer.py:15)"
    classname="dec_control.pep257"
  >
      <failure message="D415: First line should end with a period, question mark, or exclamation point (not ')')"/>
  </testcase>
  <testcase
    name="D205 (./decentralized_control/task_manager/critical_path_analyzer.py:128)"
    classname="dec_control.pep257"
  >
      <failure message="D205: 1 blank line required between summary line and description (found 0)"/>
  </testcase>
  <testcase
    name="D205 (./decentralized_control/task_manager/critical_path_analyzer.py:176)"
    classname="dec_control.pep257"
  >
      <failure message="D205: 1 blank line required between summary line and description (found 0)"/>
  </testcase>
  <testcase
    name="D200 (./decentralized_control/task_manager/task_manager_node.py:13)"
    classname="dec_control.pep257"
  >
      <failure message="D200: One-line docstring should fit on one line with quotes (found 3)"/>
  </testcase>
  <testcase
    name="D400 (./decentralized_control/task_manager/task_manager_node.py:62)"
    classname="dec_control.pep257"
  >
      <failure message="D400: First line should end with a period (not 't')"/>
  </testcase>
  <testcase
    name="D415 (./decentralized_control/task_manager/task_manager_node.py:62)"
    classname="dec_control.pep257"
  >
      <failure message="D415: First line should end with a period, question mark, or exclamation point (not 't')"/>
  </testcase>
  <testcase
    name="D400 (./decentralized_control/task_manager/task_manager_node.py:137)"
    classname="dec_control.pep257"
  >
      <failure message="D400: First line should end with a period (not 'h')"/>
  </testcase>
  <testcase
    name="D415 (./decentralized_control/task_manager/task_manager_node.py:137)"
    classname="dec_control.pep257"
  >
      <failure message="D415: First line should end with a period, question mark, or exclamation point (not 'h')"/>
  </testcase>
  <testcase
    name="D400 (./decentralized_control/task_manager/task_manager_node.py:186)"
    classname="dec_control.pep257"
  >
      <failure message="D400: First line should end with a period (not 's')"/>
  </testcase>
  <testcase
    name="D415 (./decentralized_control/task_manager/task_manager_node.py:186)"
    classname="dec_control.pep257"
  >
      <failure message="D415: First line should end with a period, question mark, or exclamation point (not 's')"/>
  </testcase>
  <testcase
    name="D400 (./decentralized_control/task_manager/task_manager_node.py:205)"
    classname="dec_control.pep257"
  >
      <failure message="D400: First line should end with a period (not 'n')"/>
  </testcase>
  <testcase
    name="D415 (./decentralized_control/task_manager/task_manager_node.py:205)"
    classname="dec_control.pep257"
  >
      <failure message="D415: First line should end with a period, question mark, or exclamation point (not 'n')"/>
  </testcase>
  <testcase
    name="D400 (./decentralized_control/task_manager/task_manager_node.py:212)"
    classname="dec_control.pep257"
  >
      <failure message="D400: First line should end with a period (not 's')"/>
  </testcase>
  <testcase
    name="D415 (./decentralized_control/task_manager/task_manager_node.py:212)"
    classname="dec_control.pep257"
  >
      <failure message="D415: First line should end with a period, question mark, or exclamation point (not 's')"/>
  </testcase>
  <testcase
    name="D400 (./decentralized_control/task_manager/task_manager_node.py:226)"
    classname="dec_control.pep257"
  >
      <failure message="D400: First line should end with a period (not 's')"/>
  </testcase>
  <testcase
    name="D415 (./decentralized_control/task_manager/task_manager_node.py:226)"
    classname="dec_control.pep257"
  >
      <failure message="D415: First line should end with a period, question mark, or exclamation point (not 's')"/>
  </testcase>
  <testcase
    name="D400 (./decentralized_control/task_manager/task_manager_node.py:232)"
    classname="dec_control.pep257"
  >
      <failure message="D400: First line should end with a period (not 'n')"/>
  </testcase>
  <testcase
    name="D415 (./decentralized_control/task_manager/task_manager_node.py:232)"
    classname="dec_control.pep257"
  >
      <failure message="D415: First line should end with a period, question mark, or exclamation point (not 'n')"/>
  </testcase>
  <testcase
    name="./decentralized_control/utils/__init__.py"
    classname="dec_control.pep257"/>
  <testcase
    name="./decentralized_control/utils/robot_utils.py"
    classname="dec_control.pep257"/>
  <testcase
    name="D200 (./decentralized_control/utils/task_dependency_analyzer.py:12)"
    classname="dec_control.pep257"
  >
      <failure message="D200: One-line docstring should fit on one line with quotes (found 3)"/>
  </testcase>
  <testcase
    name="./decentralized_control/utils/task_utils.py"
    classname="dec_control.pep257"/>
  <testcase
    name="./install/_local_setup_util_ps1.py"
    classname="dec_control.pep257"/>
  <testcase
    name="./install/_local_setup_util_sh.py"
    classname="dec_control.pep257"/>
  <testcase
    name="./install/dec_control/lib/dec_control/analyze_adaptation.py"
    classname="dec_control.pep257"/>
  <testcase
    name="./install/dec_control/lib/dec_control/analyze_results.py"
    classname="dec_control.pep257"/>
  <testcase
    name="D200 (./install/dec_control/lib/dec_control/assembly_task_visualiser.py:15)"
    classname="dec_control.pep257"
  >
      <failure message="D200: One-line docstring should fit on one line with quotes (found 3)"/>
  </testcase>
  <testcase
    name="D200 (./install/dec_control/lib/dec_control/experiment_runner.py:17)"
    classname="dec_control.pep257"
  >
      <failure message="D200: One-line docstring should fit on one line with quotes (found 3)"/>
  </testcase>
  <testcase
    name="D200 (./install/dec_control/lib/dec_control/gazebo_physics_configurator.py:12)"
    classname="dec_control.pep257"
  >
      <failure message="D200: One-line docstring should fit on one line with quotes (found 3)"/>
  </testcase>
  <testcase
    name="D401 (./install/dec_control/lib/dec_control/gazebo_physics_configurator.py:106)"
    classname="dec_control.pep257"
  >
      <failure message="D401: First line should be in imperative mood; try rephrasing (found 'Callback')"/>
  </testcase>
  <testcase
    name="./install/dec_control/lib/dec_control/plot_results.py"
    classname="dec_control.pep257"/>
  <testcase
    name="D200 (./install/dec_control/lib/dec_control/robot_model_spawner.py:12)"
    classname="dec_control.pep257"
  >
      <failure message="D200: One-line docstring should fit on one line with quotes (found 3)"/>
  </testcase>
  <testcase
    name="D401 (./install/dec_control/lib/dec_control/robot_model_spawner.py:120)"
    classname="dec_control.pep257"
  >
      <failure message="D401: First line should be in imperative mood; try rephrasing (found 'Callback')"/>
  </testcase>
  <testcase
    name="./install/dec_control/lib/dec_control/run_experiments.py"
    classname="dec_control.pep257"/>
  <testcase
    name="./install/dec_control/lib/python3.10/site-packages/dec_control/__init__.py"
    classname="dec_control.pep257"/>
  <testcase
    name="./install/dec_control/lib/python3.10/site-packages/dec_control/msg/__init__.py"
    classname="dec_control.pep257"/>
  <testcase
    name="./install/dec_control/lib/python3.10/site-packages/dec_control/msg/_bid.py"
    classname="dec_control.pep257"/>
  <testcase
    name="./install/dec_control/lib/python3.10/site-packages/dec_control/msg/_capability_update.py"
    classname="dec_control.pep257"/>
  <testcase
    name="./install/dec_control/lib/python3.10/site-packages/dec_control/msg/_collaboration_request.py"
    classname="dec_control.pep257"/>
  <testcase
    name="./install/dec_control/lib/python3.10/site-packages/dec_control/msg/_collaboration_response.py"
    classname="dec_control.pep257"/>
  <testcase
    name="./install/dec_control/lib/python3.10/site-packages/dec_control/msg/_heartbeat.py"
    classname="dec_control.pep257"/>
  <testcase
    name="./install/dec_control/lib/python3.10/site-packages/dec_control/msg/_network_topology.py"
    classname="dec_control.pep257"/>
  <testcase
    name="./install/dec_control/lib/python3.10/site-packages/dec_control/msg/_recovery_status.py"
    classname="dec_control.pep257"/>
  <testcase
    name="./install/dec_control/lib/python3.10/site-packages/dec_control/msg/_robot_state.py"
    classname="dec_control.pep257"/>
  <testcase
    name="./install/dec_control/lib/python3.10/site-packages/dec_control/msg/_synchronization_signal.py"
    classname="dec_control.pep257"/>
  <testcase
    name="./install/dec_control/lib/python3.10/site-packages/dec_control/msg/_task.py"
    classname="dec_control.pep257"/>
  <testcase
    name="./install/dec_control/lib/python3.10/site-packages/dec_control/msg/_task_assignment.py"
    classname="dec_control.pep257"/>
  <testcase
    name="./install/dec_control/lib/python3.10/site-packages/dec_control/msg/_task_list.py"
    classname="dec_control.pep257"/>
  <testcase
    name="./install/dec_control/lib/python3.10/site-packages/dec_control/msg/_task_priority.py"
    classname="dec_control.pep257"/>
  <testcase
    name="./install/dec_control/lib/python3.10/site-packages/dec_control/srv/__init__.py"
    classname="dec_control.pep257"/>
  <testcase
    name="./install/dec_control/lib/python3.10/site-packages/dec_control/srv/_get_available_tasks.py"
    classname="dec_control.pep257"/>
  <testcase
    name="./install/dec_control/lib/python3.10/site-packages/dec_control/srv/_init_auction.py"
    classname="dec_control.pep257"/>
  <testcase
    name="./install/dec_control/lib/python3.10/site-packages/dec_control/srv/_submit_bid.py"
    classname="dec_control.pep257"/>
  <testcase
    name="./install/dec_control/lib/python3.10/site-packages/decentralized_control/__init__.py"
    classname="dec_control.pep257"/>
  <testcase
    name="./install/dec_control/lib/python3.10/site-packages/decentralized_control/auction/__init__.py"
    classname="dec_control.pep257"/>
  <testcase
    name="D205 (./install/dec_control/lib/python3.10/site-packages/decentralized_control/auction/auction_node.py:16)"
    classname="dec_control.pep257"
  >
      <failure message="D205: 1 blank line required between summary line and description (found 0)"/>
  </testcase>
  <testcase
    name="D400 (./install/dec_control/lib/python3.10/site-packages/decentralized_control/auction/auction_node.py:145)"
    classname="dec_control.pep257"
  >
      <failure message="D400: First line should end with a period (not 's')"/>
  </testcase>
  <testcase
    name="D415 (./install/dec_control/lib/python3.10/site-packages/decentralized_control/auction/auction_node.py:145)"
    classname="dec_control.pep257"
  >
      <failure message="D415: First line should end with a period, question mark, or exclamation point (not 's')"/>
  </testcase>
  <testcase
    name="D400 (./install/dec_control/lib/python3.10/site-packages/decentralized_control/auction/auction_node.py:164)"
    classname="dec_control.pep257"
  >
      <failure message="D400: First line should end with a period (not 's')"/>
  </testcase>
  <testcase
    name="D415 (./install/dec_control/lib/python3.10/site-packages/decentralized_control/auction/auction_node.py:164)"
    classname="dec_control.pep257"
  >
      <failure message="D415: First line should end with a period, question mark, or exclamation point (not 's')"/>
  </testcase>
  <testcase
    name="D400 (./install/dec_control/lib/python3.10/site-packages/decentralized_control/auction/auction_node.py:182)"
    classname="dec_control.pep257"
  >
      <failure message="D400: First line should end with a period (not 's')"/>
  </testcase>
  <testcase
    name="D415 (./install/dec_control/lib/python3.10/site-packages/decentralized_control/auction/auction_node.py:182)"
    classname="dec_control.pep257"
  >
      <failure message="D415: First line should end with a period, question mark, or exclamation point (not 's')"/>
  </testcase>
  <testcase
    name="D400 (./install/dec_control/lib/python3.10/site-packages/decentralized_control/auction/auction_node.py:207)"
    classname="dec_control.pep257"
  >
      <failure message="D400: First line should end with a period (not 's')"/>
  </testcase>
  <testcase
    name="D415 (./install/dec_control/lib/python3.10/site-packages/decentralized_control/auction/auction_node.py:207)"
    classname="dec_control.pep257"
  >
      <failure message="D415: First line should end with a period, question mark, or exclamation point (not 's')"/>
  </testcase>
  <testcase
    name="D400 (./install/dec_control/lib/python3.10/site-packages/decentralized_control/auction/auction_node.py:216)"
    classname="dec_control.pep257"
  >
      <failure message="D400: First line should end with a period (not 'n')"/>
  </testcase>
  <testcase
    name="D415 (./install/dec_control/lib/python3.10/site-packages/decentralized_control/auction/auction_node.py:216)"
    classname="dec_control.pep257"
  >
      <failure message="D415: First line should end with a period, question mark, or exclamation point (not 'n')"/>
  </testcase>
  <testcase
    name="D400 (./install/dec_control/lib/python3.10/site-packages/decentralized_control/auction/auction_node.py:220)"
    classname="dec_control.pep257"
  >
      <failure message="D400: First line should end with a period (not 's')"/>
  </testcase>
  <testcase
    name="D415 (./install/dec_control/lib/python3.10/site-packages/decentralized_control/auction/auction_node.py:220)"
    classname="dec_control.pep257"
  >
      <failure message="D415: First line should end with a period, question mark, or exclamation point (not 's')"/>
  </testcase>
  <testcase
    name="D400 (./install/dec_control/lib/python3.10/site-packages/decentralized_control/auction/auction_node.py:238)"
    classname="dec_control.pep257"
  >
      <failure message="D400: First line should end with a period (not 'd')"/>
  </testcase>
  <testcase
    name="D415 (./install/dec_control/lib/python3.10/site-packages/decentralized_control/auction/auction_node.py:238)"
    classname="dec_control.pep257"
  >
      <failure message="D415: First line should end with a period, question mark, or exclamation point (not 'd')"/>
  </testcase>
  <testcase
    name="D400 (./install/dec_control/lib/python3.10/site-packages/decentralized_control/auction/auction_node.py:266)"
    classname="dec_control.pep257"
  >
      <failure message="D400: First line should end with a period (not 's')"/>
  </testcase>
  <testcase
    name="D415 (./install/dec_control/lib/python3.10/site-packages/decentralized_control/auction/auction_node.py:266)"
    classname="dec_control.pep257"
  >
      <failure message="D415: First line should end with a period, question mark, or exclamation point (not 's')"/>
  </testcase>
  <testcase
    name="D205 (./install/dec_control/lib/python3.10/site-packages/decentralized_control/auction/auction_node.py:271)"
    classname="dec_control.pep257"
  >
      <failure message="D205: 1 blank line required between summary line and description (found 0)"/>
  </testcase>
  <testcase
    name="D401 (./install/dec_control/lib/python3.10/site-packages/decentralized_control/auction/auction_node.py:271)"
    classname="dec_control.pep257"
  >
      <failure message="D401: First line should be in imperative mood; try rephrasing (found 'Main')"/>
  </testcase>
  <testcase
    name="D400 (./install/dec_control/lib/python3.10/site-packages/decentralized_control/auction/auction_node.py:480)"
    classname="dec_control.pep257"
  >
      <failure message="D400: First line should end with a period (not 'k')"/>
  </testcase>
  <testcase
    name="D415 (./install/dec_control/lib/python3.10/site-packages/decentralized_control/auction/auction_node.py:480)"
    classname="dec_control.pep257"
  >
      <failure message="D415: First line should end with a period, question mark, or exclamation point (not 'k')"/>
  </testcase>
  <testcase
    name="D400 (./install/dec_control/lib/python3.10/site-packages/decentralized_control/auction/auction_node.py:581)"
    classname="dec_control.pep257"
  >
      <failure message="D400: First line should end with a period (not ')')"/>
  </testcase>
  <testcase
    name="D415 (./install/dec_control/lib/python3.10/site-packages/decentralized_control/auction/auction_node.py:581)"
    classname="dec_control.pep257"
  >
      <failure message="D415: First line should end with a period, question mark, or exclamation point (not ')')"/>
  </testcase>
  <testcase
    name="D400 (./install/dec_control/lib/python3.10/site-packages/decentralized_control/auction/auction_node.py:608)"
    classname="dec_control.pep257"
  >
      <failure message="D400: First line should end with a period (not 's')"/>
  </testcase>
  <testcase
    name="D415 (./install/dec_control/lib/python3.10/site-packages/decentralized_control/auction/auction_node.py:608)"
    classname="dec_control.pep257"
  >
      <failure message="D415: First line should end with a period, question mark, or exclamation point (not 's')"/>
  </testcase>
  <testcase
    name="D400 (./install/dec_control/lib/python3.10/site-packages/decentralized_control/auction/auction_node.py:626)"
    classname="dec_control.pep257"
  >
      <failure message="D400: First line should end with a period (not 's')"/>
  </testcase>
  <testcase
    name="D415 (./install/dec_control/lib/python3.10/site-packages/decentralized_control/auction/auction_node.py:626)"
    classname="dec_control.pep257"
  >
      <failure message="D415: First line should end with a period, question mark, or exclamation point (not 's')"/>
  </testcase>
  <testcase
    name="D400 (./install/dec_control/lib/python3.10/site-packages/decentralized_control/auction/auction_node.py:639)"
    classname="dec_control.pep257"
  >
      <failure message="D400: First line should end with a period (not 'e')"/>
  </testcase>
  <testcase
    name="D415 (./install/dec_control/lib/python3.10/site-packages/decentralized_control/auction/auction_node.py:639)"
    classname="dec_control.pep257"
  >
      <failure message="D415: First line should end with a period, question mark, or exclamation point (not 'e')"/>
  </testcase>
  <testcase
    name="D400 (./install/dec_control/lib/python3.10/site-packages/decentralized_control/auction/auction_node.py:695)"
    classname="dec_control.pep257"
  >
      <failure message="D400: First line should end with a period (not 's')"/>
  </testcase>
  <testcase
    name="D415 (./install/dec_control/lib/python3.10/site-packages/decentralized_control/auction/auction_node.py:695)"
    classname="dec_control.pep257"
  >
      <failure message="D415: First line should end with a period, question mark, or exclamation point (not 's')"/>
  </testcase>
  <testcase
    name="D400 (./install/dec_control/lib/python3.10/site-packages/decentralized_control/auction/auction_node.py:706)"
    classname="dec_control.pep257"
  >
      <failure message="D400: First line should end with a period (not 'l')"/>
  </testcase>
  <testcase
    name="D415 (./install/dec_control/lib/python3.10/site-packages/decentralized_control/auction/auction_node.py:706)"
    classname="dec_control.pep257"
  >
      <failure message="D415: First line should end with a period, question mark, or exclamation point (not 'l')"/>
  </testcase>
  <testcase
    name="D400 (./install/dec_control/lib/python3.10/site-packages/decentralized_control/auction/auction_node.py:718)"
    classname="dec_control.pep257"
  >
      <failure message="D400: First line should end with a period (not 'n')"/>
  </testcase>
  <testcase
    name="D415 (./install/dec_control/lib/python3.10/site-packages/decentralized_control/auction/auction_node.py:718)"
    classname="dec_control.pep257"
  >
      <failure message="D415: First line should end with a period, question mark, or exclamation point (not 'n')"/>
  </testcase>
  <testcase
    name="./install/dec_control/lib/python3.10/site-packages/decentralized_control/auction/auction_utils.py"
    classname="dec_control.pep257"/>
  <testcase
    name="D205 (./install/dec_control/lib/python3.10/site-packages/decentralized_control/auction/bid_calculator.py:6)"
    classname="dec_control.pep257"
  >
      <failure message="D205: 1 blank line required between summary line and description (found 0)"/>
  </testcase>
  <testcase
    name="D413 (./install/dec_control/lib/python3.10/site-packages/decentralized_control/auction/bid_calculator.py:12)"
    classname="dec_control.pep257"
  >
      <failure message="D413: Missing blank line after last section ('Parameters')"/>
  </testcase>
  <testcase
    name="D409 (./install/dec_control/lib/python3.10/site-packages/decentralized_control/auction/bid_calculator.py:12)"
    classname="dec_control.pep257"
  >
      <failure message="D409: Section underline should match the length of its name (Expected 10 dashes in section 'Parameters', got 11)"/>
  </testcase>
  <testcase
    name="D406 (./install/dec_control/lib/python3.10/site-packages/decentralized_control/auction/bid_calculator.py:12)"
    classname="dec_control.pep257"
  >
      <failure message="D406: Section name should end with a newline ('Parameters', not 'Parameters:')"/>
  </testcase>
  <testcase
    name="D409 (./install/dec_control/lib/python3.10/site-packages/decentralized_control/auction/bid_calculator.py:29)"
    classname="dec_control.pep257"
  >
      <failure message="D409: Section underline should match the length of its name (Expected 10 dashes in section 'Parameters', got 11)"/>
  </testcase>
  <testcase
    name="D406 (./install/dec_control/lib/python3.10/site-packages/decentralized_control/auction/bid_calculator.py:29)"
    classname="dec_control.pep257"
  >
      <failure message="D406: Section name should end with a newline ('Parameters', not 'Parameters:')"/>
  </testcase>
  <testcase
    name="D413 (./install/dec_control/lib/python3.10/site-packages/decentralized_control/auction/bid_calculator.py:29)"
    classname="dec_control.pep257"
  >
      <failure message="D413: Missing blank line after last section ('Returns')"/>
  </testcase>
  <testcase
    name="D409 (./install/dec_control/lib/python3.10/site-packages/decentralized_control/auction/bid_calculator.py:29)"
    classname="dec_control.pep257"
  >
      <failure message="D409: Section underline should match the length of its name (Expected 7 dashes in section 'Returns', got 8)"/>
  </testcase>
  <testcase
    name="D406 (./install/dec_control/lib/python3.10/site-packages/decentralized_control/auction/bid_calculator.py:29)"
    classname="dec_control.pep257"
  >
      <failure message="D406: Section name should end with a newline ('Returns', not 'Returns:')"/>
  </testcase>
  <testcase
    name="./install/dec_control/lib/python3.10/site-packages/decentralized_control/communication_middleware.py"
    classname="dec_control.pep257"/>
  <testcase
    name="D204 (./install/dec_control/lib/python3.10/site-packages/decentralized_control/comparative_analysis.py:15)"
    classname="dec_control.pep257"
  >
      <failure message="D204: 1 blank line required after class docstring (found 0)"/>
  </testcase>
  <testcase
    name="D200 (./install/dec_control/lib/python3.10/site-packages/decentralized_control/comparative_analysis.py:22)"
    classname="dec_control.pep257"
  >
      <failure message="D200: One-line docstring should fit on one line with quotes (found 3)"/>
  </testcase>
  <testcase
    name="D205 (./install/dec_control/lib/python3.10/site-packages/decentralized_control/comparative_analysis.py:108)"
    classname="dec_control.pep257"
  >
      <failure message="D205: 1 blank line required between summary line and description (found 0)"/>
  </testcase>
  <testcase
    name="D205 (./install/dec_control/lib/python3.10/site-packages/decentralized_control/comparative_analysis.py:164)"
    classname="dec_control.pep257"
  >
      <failure message="D205: 1 blank line required between summary line and description (found 0)"/>
  </testcase>
  <testcase
    name="D205 (./install/dec_control/lib/python3.10/site-packages/decentralized_control/comparative_analysis.py:202)"
    classname="dec_control.pep257"
  >
      <failure message="D205: 1 blank line required between summary line and description (found 0)"/>
  </testcase>
  <testcase
    name="D205 (./install/dec_control/lib/python3.10/site-packages/decentralized_control/comparative_analysis.py:256)"
    classname="dec_control.pep257"
  >
      <failure message="D205: 1 blank line required between summary line and description (found 0)"/>
  </testcase>
  <testcase
    name="D205 (./install/dec_control/lib/python3.10/site-packages/decentralized_control/comparative_analysis.py:340)"
    classname="dec_control.pep257"
  >
      <failure message="D205: 1 blank line required between summary line and description (found 0)"/>
  </testcase>
  <testcase
    name="D400 (./install/dec_control/lib/python3.10/site-packages/decentralized_control/comparative_analysis.py:340)"
    classname="dec_control.pep257"
  >
      <failure message="D400: First line should end with a period (not 's')"/>
  </testcase>
  <testcase
    name="D415 (./install/dec_control/lib/python3.10/site-packages/decentralized_control/comparative_analysis.py:340)"
    classname="dec_control.pep257"
  >
      <failure message="D415: First line should end with a period, question mark, or exclamation point (not 's')"/>
  </testcase>
  <testcase
    name="./install/dec_control/lib/python3.10/site-packages/decentralized_control/consensus/__init__.py"
    classname="dec_control.pep257"/>
  <testcase
    name="D205 (./install/dec_control/lib/python3.10/site-packages/decentralized_control/consensus/consensus_node.py:11)"
    classname="dec_control.pep257"
  >
      <failure message="D205: 1 blank line required between summary line and description (found 0)"/>
  </testcase>
  <testcase
    name="D400 (./install/dec_control/lib/python3.10/site-packages/decentralized_control/consensus/consensus_node.py:11)"
    classname="dec_control.pep257"
  >
      <failure message="D400: First line should end with a period (not 'g')"/>
  </testcase>
  <testcase
    name="D415 (./install/dec_control/lib/python3.10/site-packages/decentralized_control/consensus/consensus_node.py:11)"
    classname="dec_control.pep257"
  >
      <failure message="D415: First line should end with a period, question mark, or exclamation point (not 'g')"/>
  </testcase>
  <testcase
    name="D400 (./install/dec_control/lib/python3.10/site-packages/decentralized_control/consensus/consensus_node.py:62)"
    classname="dec_control.pep257"
  >
      <failure message="D400: First line should end with a period (not 's')"/>
  </testcase>
  <testcase
    name="D415 (./install/dec_control/lib/python3.10/site-packages/decentralized_control/consensus/consensus_node.py:62)"
    classname="dec_control.pep257"
  >
      <failure message="D415: First line should end with a period, question mark, or exclamation point (not 's')"/>
  </testcase>
  <testcase
    name="D400 (./install/dec_control/lib/python3.10/site-packages/decentralized_control/consensus/consensus_node.py:85)"
    classname="dec_control.pep257"
  >
      <failure message="D400: First line should end with a period (not 's')"/>
  </testcase>
  <testcase
    name="D415 (./install/dec_control/lib/python3.10/site-packages/decentralized_control/consensus/consensus_node.py:85)"
    classname="dec_control.pep257"
  >
      <failure message="D415: First line should end with a period, question mark, or exclamation point (not 's')"/>
  </testcase>
  <testcase
    name="D400 (./install/dec_control/lib/python3.10/site-packages/decentralized_control/consensus/consensus_node.py:90)"
    classname="dec_control.pep257"
  >
      <failure message="D400: First line should end with a period (not 'e')"/>
  </testcase>
  <testcase
    name="D415 (./install/dec_control/lib/python3.10/site-packages/decentralized_control/consensus/consensus_node.py:90)"
    classname="dec_control.pep257"
  >
      <failure message="D415: First line should end with a period, question mark, or exclamation point (not 'e')"/>
  </testcase>
  <testcase
    name="D400 (./install/dec_control/lib/python3.10/site-packages/decentralized_control/consensus/consensus_node.py:114)"
    classname="dec_control.pep257"
  >
      <failure message="D400: First line should end with a period (not 'n')"/>
  </testcase>
  <testcase
    name="D415 (./install/dec_control/lib/python3.10/site-packages/decentralized_control/consensus/consensus_node.py:114)"
    classname="dec_control.pep257"
  >
      <failure message="D415: First line should end with a period, question mark, or exclamation point (not 'n')"/>
  </testcase>
  <testcase
    name="D205 (./install/dec_control/lib/python3.10/site-packages/decentralized_control/consensus/time_varying_consensus.py:14)"
    classname="dec_control.pep257"
  >
      <failure message="D205: 1 blank line required between summary line and description (found 0)"/>
  </testcase>
  <testcase
    name="D400 (./install/dec_control/lib/python3.10/site-packages/decentralized_control/consensus/time_varying_consensus.py:14)"
    classname="dec_control.pep257"
  >
      <failure message="D400: First line should end with a period (not 'r')"/>
  </testcase>
  <testcase
    name="D415 (./install/dec_control/lib/python3.10/site-packages/decentralized_control/consensus/time_varying_consensus.py:14)"
    classname="dec_control.pep257"
  >
      <failure message="D415: First line should end with a period, question mark, or exclamation point (not 'r')"/>
  </testcase>
  <testcase
    name="D205 (./install/dec_control/lib/python3.10/site-packages/decentralized_control/consensus/time_varying_consensus.py:164)"
    classname="dec_control.pep257"
  >
      <failure message="D205: 1 blank line required between summary line and description (found 0)"/>
  </testcase>
  <testcase
    name="./install/dec_control/lib/python3.10/site-packages/decentralized_control/execution/__init__.py"
    classname="dec_control.pep257"/>
  <testcase
    name="D200 (./install/dec_control/lib/python3.10/site-packages/decentralized_control/execution/collaborative_task_executor.py:13)"
    classname="dec_control.pep257"
  >
      <failure message="D200: One-line docstring should fit on one line with quotes (found 3)"/>
  </testcase>
  <testcase
    name="D205 (./install/dec_control/lib/python3.10/site-packages/decentralized_control/execution/collaborative_task_executor.py:97)"
    classname="dec_control.pep257"
  >
      <failure message="D205: 1 blank line required between summary line and description (found 0)"/>
  </testcase>
  <testcase
    name="D400 (./install/dec_control/lib/python3.10/site-packages/decentralized_control/execution/collaborative_task_executor.py:97)"
    classname="dec_control.pep257"
  >
      <failure message="D400: First line should end with a period (not 's')"/>
  </testcase>
  <testcase
    name="D415 (./install/dec_control/lib/python3.10/site-packages/decentralized_control/execution/collaborative_task_executor.py:97)"
    classname="dec_control.pep257"
  >
      <failure message="D415: First line should end with a period, question mark, or exclamation point (not 's')"/>
  </testcase>
  <testcase
    name="D205 (./install/dec_control/lib/python3.10/site-packages/decentralized_control/execution/collaborative_task_executor.py:151)"
    classname="dec_control.pep257"
  >
      <failure message="D205: 1 blank line required between summary line and description (found 0)"/>
  </testcase>
  <testcase
    name="D200 (./install/dec_control/lib/python3.10/site-packages/decentralized_control/execution/execution_controller.py:20)"
    classname="dec_control.pep257"
  >
      <failure message="D200: One-line docstring should fit on one line with quotes (found 3)"/>
  </testcase>
  <testcase
    name="D200 (./install/dec_control/lib/python3.10/site-packages/decentralized_control/execution/execution_controller.py:207)"
    classname="dec_control.pep257"
  >
      <failure message="D200: One-line docstring should fit on one line with quotes (found 3)"/>
  </testcase>
  <testcase
    name="D400 (./install/dec_control/lib/python3.10/site-packages/decentralized_control/execution/execution_controller.py:305)"
    classname="dec_control.pep257"
  >
      <failure message="D400: First line should end with a period (not 'n')"/>
  </testcase>
  <testcase
    name="D415 (./install/dec_control/lib/python3.10/site-packages/decentralized_control/execution/execution_controller.py:305)"
    classname="dec_control.pep257"
  >
      <failure message="D415: First line should end with a period, question mark, or exclamation point (not 'n')"/>
  </testcase>
  <testcase
    name="D400 (./install/dec_control/lib/python3.10/site-packages/decentralized_control/execution/execution_controller.py:311)"
    classname="dec_control.pep257"
  >
      <failure message="D400: First line should end with a period (not 's')"/>
  </testcase>
  <testcase
    name="D415 (./install/dec_control/lib/python3.10/site-packages/decentralized_control/execution/execution_controller.py:311)"
    classname="dec_control.pep257"
  >
      <failure message="D415: First line should end with a period, question mark, or exclamation point (not 's')"/>
  </testcase>
  <testcase
    name="D400 (./install/dec_control/lib/python3.10/site-packages/decentralized_control/execution/execution_controller.py:372)"
    classname="dec_control.pep257"
  >
      <failure message="D400: First line should end with a period (not 'k')"/>
  </testcase>
  <testcase
    name="D415 (./install/dec_control/lib/python3.10/site-packages/decentralized_control/execution/execution_controller.py:372)"
    classname="dec_control.pep257"
  >
      <failure message="D415: First line should end with a period, question mark, or exclamation point (not 'k')"/>
  </testcase>
  <testcase
    name="D400 (./install/dec_control/lib/python3.10/site-packages/decentralized_control/execution/execution_controller.py:393)"
    classname="dec_control.pep257"
  >
      <failure message="D400: First line should end with a period (not 'n')"/>
  </testcase>
  <testcase
    name="D415 (./install/dec_control/lib/python3.10/site-packages/decentralized_control/execution/execution_controller.py:393)"
    classname="dec_control.pep257"
  >
      <failure message="D415: First line should end with a period, question mark, or exclamation point (not 'n')"/>
  </testcase>
  <testcase
    name="D205 (./install/dec_control/lib/python3.10/site-packages/decentralized_control/execution/force_control_manager.py:16)"
    classname="dec_control.pep257"
  >
      <failure message="D205: 1 blank line required between summary line and description (found 0)"/>
  </testcase>
  <testcase
    name="D400 (./install/dec_control/lib/python3.10/site-packages/decentralized_control/execution/force_control_manager.py:16)"
    classname="dec_control.pep257"
  >
      <failure message="D400: First line should end with a period (not 'n')"/>
  </testcase>
  <testcase
    name="D415 (./install/dec_control/lib/python3.10/site-packages/decentralized_control/execution/force_control_manager.py:16)"
    classname="dec_control.pep257"
  >
      <failure message="D415: First line should end with a period, question mark, or exclamation point (not 'n')"/>
  </testcase>
  <testcase
    name="D204 (./install/dec_control/lib/python3.10/site-packages/decentralized_control/execution/timed_automata_executor.py:16)"
    classname="dec_control.pep257"
  >
      <failure message="D204: 1 blank line required after class docstring (found 0)"/>
  </testcase>
  <testcase
    name="D205 (./install/dec_control/lib/python3.10/site-packages/decentralized_control/execution/timed_automata_executor.py:24)"
    classname="dec_control.pep257"
  >
      <failure message="D205: 1 blank line required between summary line and description (found 0)"/>
  </testcase>
  <testcase
    name="D400 (./install/dec_control/lib/python3.10/site-packages/decentralized_control/execution/timed_automata_executor.py:24)"
    classname="dec_control.pep257"
  >
      <failure message="D400: First line should end with a period (not 'm')"/>
  </testcase>
  <testcase
    name="D415 (./install/dec_control/lib/python3.10/site-packages/decentralized_control/execution/timed_automata_executor.py:24)"
    classname="dec_control.pep257"
  >
      <failure message="D415: First line should end with a period, question mark, or exclamation point (not 'm')"/>
  </testcase>
  <testcase
    name="D200 (./install/dec_control/lib/python3.10/site-packages/decentralized_control/experiment_runner.py:16)"
    classname="dec_control.pep257"
  >
      <failure message="D200: One-line docstring should fit on one line with quotes (found 3)"/>
  </testcase>
  <testcase
    name="D205 (./install/dec_control/lib/python3.10/site-packages/decentralized_control/industrial_scenarios.py:13)"
    classname="dec_control.pep257"
  >
      <failure message="D205: 1 blank line required between summary line and description (found 0)"/>
  </testcase>
  <testcase
    name="D400 (./install/dec_control/lib/python3.10/site-packages/decentralized_control/industrial_scenarios.py:13)"
    classname="dec_control.pep257"
  >
      <failure message="D400: First line should end with a period (not ' ')"/>
  </testcase>
  <testcase
    name="D415 (./install/dec_control/lib/python3.10/site-packages/decentralized_control/industrial_scenarios.py:13)"
    classname="dec_control.pep257"
  >
      <failure message="D415: First line should end with a period, question mark, or exclamation point (not ' ')"/>
  </testcase>
  <testcase
    name="D205 (./install/dec_control/lib/python3.10/site-packages/decentralized_control/math_proof_validatior.py:16)"
    classname="dec_control.pep257"
  >
      <failure message="D205: 1 blank line required between summary line and description (found 0)"/>
  </testcase>
  <testcase
    name="D400 (./install/dec_control/lib/python3.10/site-packages/decentralized_control/math_proof_validatior.py:16)"
    classname="dec_control.pep257"
  >
      <failure message="D400: First line should end with a period (not 'm')"/>
  </testcase>
  <testcase
    name="D415 (./install/dec_control/lib/python3.10/site-packages/decentralized_control/math_proof_validatior.py:16)"
    classname="dec_control.pep257"
  >
      <failure message="D415: First line should end with a period, question mark, or exclamation point (not 'm')"/>
  </testcase>
  <testcase
    name="D200 (./install/dec_control/lib/python3.10/site-packages/decentralized_control/metrics_collector.py:19)"
    classname="dec_control.pep257"
  >
      <failure message="D200: One-line docstring should fit on one line with quotes (found 3)"/>
  </testcase>
  <testcase
    name="./install/dec_control/lib/python3.10/site-packages/decentralized_control/recovery/__init__.py"
    classname="dec_control.pep257"/>
  <testcase
    name="D205 (./install/dec_control/lib/python3.10/site-packages/decentralized_control/recovery/partial_failure_recovery.py:14)"
    classname="dec_control.pep257"
  >
      <failure message="D205: 1 blank line required between summary line and description (found 0)"/>
  </testcase>
  <testcase
    name="D400 (./install/dec_control/lib/python3.10/site-packages/decentralized_control/recovery/partial_failure_recovery.py:14)"
    classname="dec_control.pep257"
  >
      <failure message="D400: First line should end with a period (not 's')"/>
  </testcase>
  <testcase
    name="D415 (./install/dec_control/lib/python3.10/site-packages/decentralized_control/recovery/partial_failure_recovery.py:14)"
    classname="dec_control.pep257"
  >
      <failure message="D415: First line should end with a period, question mark, or exclamation point (not 's')"/>
  </testcase>
  <testcase
    name="D205 (./install/dec_control/lib/python3.10/site-packages/decentralized_control/recovery/partial_failure_recovery.py:180)"
    classname="dec_control.pep257"
  >
      <failure message="D205: 1 blank line required between summary line and description (found 0)"/>
  </testcase>
  <testcase
    name="D400 (./install/dec_control/lib/python3.10/site-packages/decentralized_control/recovery/partial_failure_recovery.py:180)"
    classname="dec_control.pep257"
  >
      <failure message="D400: First line should end with a period (not 'e')"/>
  </testcase>
  <testcase
    name="D415 (./install/dec_control/lib/python3.10/site-packages/decentralized_control/recovery/partial_failure_recovery.py:180)"
    classname="dec_control.pep257"
  >
      <failure message="D415: First line should end with a period, question mark, or exclamation point (not 'e')"/>
  </testcase>
  <testcase
    name="D200 (./install/dec_control/lib/python3.10/site-packages/decentralized_control/recovery/recovery_node.py:11)"
    classname="dec_control.pep257"
  >
      <failure message="D200: One-line docstring should fit on one line with quotes (found 3)"/>
  </testcase>
  <testcase
    name="D400 (./install/dec_control/lib/python3.10/site-packages/decentralized_control/recovery/recovery_node.py:79)"
    classname="dec_control.pep257"
  >
      <failure message="D400: First line should end with a period (not 's')"/>
  </testcase>
  <testcase
    name="D415 (./install/dec_control/lib/python3.10/site-packages/decentralized_control/recovery/recovery_node.py:79)"
    classname="dec_control.pep257"
  >
      <failure message="D415: First line should end with a period, question mark, or exclamation point (not 's')"/>
  </testcase>
  <testcase
    name="D400 (./install/dec_control/lib/python3.10/site-packages/decentralized_control/recovery/recovery_node.py:92)"
    classname="dec_control.pep257"
  >
      <failure message="D400: First line should end with a period (not 's')"/>
  </testcase>
  <testcase
    name="D415 (./install/dec_control/lib/python3.10/site-packages/decentralized_control/recovery/recovery_node.py:92)"
    classname="dec_control.pep257"
  >
      <failure message="D415: First line should end with a period, question mark, or exclamation point (not 's')"/>
  </testcase>
  <testcase
    name="D400 (./install/dec_control/lib/python3.10/site-packages/decentralized_control/recovery/recovery_node.py:106)"
    classname="dec_control.pep257"
  >
      <failure message="D400: First line should end with a period (not 'n')"/>
  </testcase>
  <testcase
    name="D415 (./install/dec_control/lib/python3.10/site-packages/decentralized_control/recovery/recovery_node.py:106)"
    classname="dec_control.pep257"
  >
      <failure message="D415: First line should end with a period, question mark, or exclamation point (not 'n')"/>
  </testcase>
  <testcase
    name="D400 (./install/dec_control/lib/python3.10/site-packages/decentralized_control/recovery/recovery_node.py:131)"
    classname="dec_control.pep257"
  >
      <failure message="D400: First line should end with a period (not 's')"/>
  </testcase>
  <testcase
    name="D415 (./install/dec_control/lib/python3.10/site-packages/decentralized_control/recovery/recovery_node.py:131)"
    classname="dec_control.pep257"
  >
      <failure message="D415: First line should end with a period, question mark, or exclamation point (not 's')"/>
  </testcase>
  <testcase
    name="D400 (./install/dec_control/lib/python3.10/site-packages/decentralized_control/recovery/recovery_node.py:161)"
    classname="dec_control.pep257"
  >
      <failure message="D400: First line should end with a period (not 'l')"/>
  </testcase>
  <testcase
    name="D415 (./install/dec_control/lib/python3.10/site-packages/decentralized_control/recovery/recovery_node.py:161)"
    classname="dec_control.pep257"
  >
      <failure message="D415: First line should end with a period, question mark, or exclamation point (not 'l')"/>
  </testcase>
  <testcase
    name="D400 (./install/dec_control/lib/python3.10/site-packages/decentralized_control/recovery/recovery_node.py:170)"
    classname="dec_control.pep257"
  >
      <failure message="D400: First line should end with a period (not 's')"/>
  </testcase>
  <testcase
    name="D415 (./install/dec_control/lib/python3.10/site-packages/decentralized_control/recovery/recovery_node.py:170)"
    classname="dec_control.pep257"
  >
      <failure message="D415: First line should end with a period, question mark, or exclamation point (not 's')"/>
  </testcase>
  <testcase
    name="D400 (./install/dec_control/lib/python3.10/site-packages/decentralized_control/recovery/recovery_node.py:182)"
    classname="dec_control.pep257"
  >
      <failure message="D400: First line should end with a period (not 's')"/>
  </testcase>
  <testcase
    name="D415 (./install/dec_control/lib/python3.10/site-packages/decentralized_control/recovery/recovery_node.py:182)"
    classname="dec_control.pep257"
  >
      <failure message="D415: First line should end with a period, question mark, or exclamation point (not 's')"/>
  </testcase>
  <testcase
    name="./install/dec_control/lib/python3.10/site-packages/decentralized_control/task_manager/__init__.py"
    classname="dec_control.pep257"/>
  <testcase
    name="D205 (./install/dec_control/lib/python3.10/site-packages/decentralized_control/task_manager/critical_path_analyzer.py:15)"
    classname="dec_control.pep257"
  >
      <failure message="D205: 1 blank line required between summary line and description (found 0)"/>
  </testcase>
  <testcase
    name="D400 (./install/dec_control/lib/python3.10/site-packages/decentralized_control/task_manager/critical_path_analyzer.py:15)"
    classname="dec_control.pep257"
  >
      <failure message="D400: First line should end with a period (not ')')"/>
  </testcase>
  <testcase
    name="D415 (./install/dec_control/lib/python3.10/site-packages/decentralized_control/task_manager/critical_path_analyzer.py:15)"
    classname="dec_control.pep257"
  >
      <failure message="D415: First line should end with a period, question mark, or exclamation point (not ')')"/>
  </testcase>
  <testcase
    name="D205 (./install/dec_control/lib/python3.10/site-packages/decentralized_control/task_manager/critical_path_analyzer.py:128)"
    classname="dec_control.pep257"
  >
      <failure message="D205: 1 blank line required between summary line and description (found 0)"/>
  </testcase>
  <testcase
    name="D205 (./install/dec_control/lib/python3.10/site-packages/decentralized_control/task_manager/critical_path_analyzer.py:176)"
    classname="dec_control.pep257"
  >
      <failure message="D205: 1 blank line required between summary line and description (found 0)"/>
  </testcase>
  <testcase
    name="D200 (./install/dec_control/lib/python3.10/site-packages/decentralized_control/task_manager/task_manager_node.py:13)"
    classname="dec_control.pep257"
  >
      <failure message="D200: One-line docstring should fit on one line with quotes (found 3)"/>
  </testcase>
  <testcase
    name="D400 (./install/dec_control/lib/python3.10/site-packages/decentralized_control/task_manager/task_manager_node.py:62)"
    classname="dec_control.pep257"
  >
      <failure message="D400: First line should end with a period (not 't')"/>
  </testcase>
  <testcase
    name="D415 (./install/dec_control/lib/python3.10/site-packages/decentralized_control/task_manager/task_manager_node.py:62)"
    classname="dec_control.pep257"
  >
      <failure message="D415: First line should end with a period, question mark, or exclamation point (not 't')"/>
  </testcase>
  <testcase
    name="D400 (./install/dec_control/lib/python3.10/site-packages/decentralized_control/task_manager/task_manager_node.py:137)"
    classname="dec_control.pep257"
  >
      <failure message="D400: First line should end with a period (not 'h')"/>
  </testcase>
  <testcase
    name="D415 (./install/dec_control/lib/python3.10/site-packages/decentralized_control/task_manager/task_manager_node.py:137)"
    classname="dec_control.pep257"
  >
      <failure message="D415: First line should end with a period, question mark, or exclamation point (not 'h')"/>
  </testcase>
  <testcase
    name="D400 (./install/dec_control/lib/python3.10/site-packages/decentralized_control/task_manager/task_manager_node.py:186)"
    classname="dec_control.pep257"
  >
      <failure message="D400: First line should end with a period (not 's')"/>
  </testcase>
  <testcase
    name="D415 (./install/dec_control/lib/python3.10/site-packages/decentralized_control/task_manager/task_manager_node.py:186)"
    classname="dec_control.pep257"
  >
      <failure message="D415: First line should end with a period, question mark, or exclamation point (not 's')"/>
  </testcase>
  <testcase
    name="D400 (./install/dec_control/lib/python3.10/site-packages/decentralized_control/task_manager/task_manager_node.py:205)"
    classname="dec_control.pep257"
  >
      <failure message="D400: First line should end with a period (not 'n')"/>
  </testcase>
  <testcase
    name="D415 (./install/dec_control/lib/python3.10/site-packages/decentralized_control/task_manager/task_manager_node.py:205)"
    classname="dec_control.pep257"
  >
      <failure message="D415: First line should end with a period, question mark, or exclamation point (not 'n')"/>
  </testcase>
  <testcase
    name="D400 (./install/dec_control/lib/python3.10/site-packages/decentralized_control/task_manager/task_manager_node.py:212)"
    classname="dec_control.pep257"
  >
      <failure message="D400: First line should end with a period (not 's')"/>
  </testcase>
  <testcase
    name="D415 (./install/dec_control/lib/python3.10/site-packages/decentralized_control/task_manager/task_manager_node.py:212)"
    classname="dec_control.pep257"
  >
      <failure message="D415: First line should end with a period, question mark, or exclamation point (not 's')"/>
  </testcase>
  <testcase
    name="D400 (./install/dec_control/lib/python3.10/site-packages/decentralized_control/task_manager/task_manager_node.py:226)"
    classname="dec_control.pep257"
  >
      <failure message="D400: First line should end with a period (not 's')"/>
  </testcase>
  <testcase
    name="D415 (./install/dec_control/lib/python3.10/site-packages/decentralized_control/task_manager/task_manager_node.py:226)"
    classname="dec_control.pep257"
  >
      <failure message="D415: First line should end with a period, question mark, or exclamation point (not 's')"/>
  </testcase>
  <testcase
    name="D400 (./install/dec_control/lib/python3.10/site-packages/decentralized_control/task_manager/task_manager_node.py:232)"
    classname="dec_control.pep257"
  >
      <failure message="D400: First line should end with a period (not 'n')"/>
  </testcase>
  <testcase
    name="D415 (./install/dec_control/lib/python3.10/site-packages/decentralized_control/task_manager/task_manager_node.py:232)"
    classname="dec_control.pep257"
  >
      <failure message="D415: First line should end with a period, question mark, or exclamation point (not 'n')"/>
  </testcase>
  <testcase
    name="./install/dec_control/lib/python3.10/site-packages/decentralized_control/utils/__init__.py"
    classname="dec_control.pep257"/>
  <testcase
    name="./install/dec_control/lib/python3.10/site-packages/decentralized_control/utils/robot_utils.py"
    classname="dec_control.pep257"/>
  <testcase
    name="D200 (./install/dec_control/lib/python3.10/site-packages/decentralized_control/utils/task_dependency_analyzer.py:12)"
    classname="dec_control.pep257"
  >
      <failure message="D200: One-line docstring should fit on one line with quotes (found 3)"/>
  </testcase>
  <testcase
    name="./install/dec_control/lib/python3.10/site-packages/decentralized_control/utils/task_utils.py"
    classname="dec_control.pep257"/>
  <testcase
    name="D202 (./install/dec_control/share/dec_control/launch/decentralized_controller.launch.py:11)"
    classname="dec_control.pep257"
  >
      <failure message="D202: No blank lines allowed after function docstring (found 1)"/>
  </testcase>
  <testcase
    name="D400 (./install/dec_control/share/dec_control/launch/decentralized_controller.launch.py:11)"
    classname="dec_control.pep257"
  >
      <failure message="D400: First line should end with a period (not 's')"/>
  </testcase>
  <testcase
    name="D415 (./install/dec_control/share/dec_control/launch/decentralized_controller.launch.py:11)"
    classname="dec_control.pep257"
  >
      <failure message="D415: First line should end with a period, question mark, or exclamation point (not 's')"/>
  </testcase>
  <testcase
    name="./install/dec_control/share/dec_control/launch/simulation.launch.py"
    classname="dec_control.pep257"/>
  <testcase
    name="./install/dec_control/share/dec_control/launch/unit_tests.launch.py"
    classname="dec_control.pep257"/>
  <testcase
    name="D202 (./launch/decentralized_controller.launch.py:11)"
    classname="dec_control.pep257"
  >
      <failure message="D202: No blank lines allowed after function docstring (found 1)"/>
  </testcase>
  <testcase
    name="D400 (./launch/decentralized_controller.launch.py:11)"
    classname="dec_control.pep257"
  >
      <failure message="D400: First line should end with a period (not 's')"/>
  </testcase>
  <testcase
    name="D415 (./launch/decentralized_controller.launch.py:11)"
    classname="dec_control.pep257"
  >
      <failure message="D415: First line should end with a period, question mark, or exclamation point (not 's')"/>
  </testcase>
  <testcase
    name="./launch/simulation.launch.py"
    classname="dec_control.pep257"/>
  <testcase
    name="./launch/unit_tests.launch.py"
    classname="dec_control.pep257"/>
  <testcase
    name="./scripts/analyze_adaptation.py"
    classname="dec_control.pep257"/>
  <testcase
    name="./scripts/analyze_results.py"
    classname="dec_control.pep257"/>
  <testcase
    name="D200 (./scripts/assembly_task_visualiser.py:15)"
    classname="dec_control.pep257"
  >
      <failure message="D200: One-line docstring should fit on one line with quotes (found 3)"/>
  </testcase>
  <testcase
    name="D200 (./scripts/experiment_runner.py:17)"
    classname="dec_control.pep257"
  >
      <failure message="D200: One-line docstring should fit on one line with quotes (found 3)"/>
  </testcase>
  <testcase
    name="D200 (./scripts/gazebo_physics_configurator.py:12)"
    classname="dec_control.pep257"
  >
      <failure message="D200: One-line docstring should fit on one line with quotes (found 3)"/>
  </testcase>
  <testcase
    name="D401 (./scripts/gazebo_physics_configurator.py:106)"
    classname="dec_control.pep257"
  >
      <failure message="D401: First line should be in imperative mood; try rephrasing (found 'Callback')"/>
  </testcase>
  <testcase
    name="./scripts/plot_results.py"
    classname="dec_control.pep257"/>
  <testcase
    name="D200 (./scripts/robot_model_spawner.py:12)"
    classname="dec_control.pep257"
  >
      <failure message="D200: One-line docstring should fit on one line with quotes (found 3)"/>
  </testcase>
  <testcase
    name="D401 (./scripts/robot_model_spawner.py:120)"
    classname="dec_control.pep257"
  >
      <failure message="D401: First line should be in imperative mood; try rephrasing (found 'Callback')"/>
  </testcase>
  <testcase
    name="./scripts/run_experiments.py"
    classname="dec_control.pep257"/>
  <testcase
    name="./setup.py"
    classname="dec_control.pep257"/>
  <testcase
    name="./test/__init__.py"
    classname="dec_control.pep257"/>
  <testcase
    name="./test/test_auction.py"
    classname="dec_control.pep257"/>
  <testcase
    name="./test/test_communication.py"
    classname="dec_control.pep257"/>
  <testcase
    name="./test/test_comparative.py"
    classname="dec_control.pep257"/>
  <testcase
    name="./test/test_consensus.py"
    classname="dec_control.pep257"/>
  <testcase
    name="./test/test_execution.py"
    classname="dec_control.pep257"/>
  <testcase
    name="./test/test_metrics.py"
    classname="dec_control.pep257"/>
  <testcase
    name="./test/test_recovery.py"
    classname="dec_control.pep257"/>
  <testcase
    name="./test/test_task_manager.py"
    classname="dec_control.pep257"/>
  <system-out>Checked files:
* ./build/dec_control/ament_cmake_python/dec_control/dec_control/__init__.py
* ./build/dec_control/ament_cmake_python/dec_control/setup.py
* ./build/dec_control/ament_cmake_python/decentralized_control/decentralized_control/__init__.py
* ./build/dec_control/ament_cmake_python/decentralized_control/decentralized_control/auction/__init__.py
* ./build/dec_control/ament_cmake_python/decentralized_control/decentralized_control/auction/auction_node.py
* ./build/dec_control/ament_cmake_python/decentralized_control/decentralized_control/auction/auction_utils.py
* ./build/dec_control/ament_cmake_python/decentralized_control/decentralized_control/auction/bid_calculator.py
* ./build/dec_control/ament_cmake_python/decentralized_control/decentralized_control/communication_middleware.py
* ./build/dec_control/ament_cmake_python/decentralized_control/decentralized_control/comparative_analysis.py
* ./build/dec_control/ament_cmake_python/decentralized_control/decentralized_control/consensus/__init__.py
* ./build/dec_control/ament_cmake_python/decentralized_control/decentralized_control/consensus/consensus_node.py
* ./build/dec_control/ament_cmake_python/decentralized_control/decentralized_control/consensus/time_varying_consensus.py
* ./build/dec_control/ament_cmake_python/decentralized_control/decentralized_control/execution/__init__.py
* ./build/dec_control/ament_cmake_python/decentralized_control/decentralized_control/execution/collaborative_task_executor.py
* ./build/dec_control/ament_cmake_python/decentralized_control/decentralized_control/execution/execution_controller.py
* ./build/dec_control/ament_cmake_python/decentralized_control/decentralized_control/execution/force_control_manager.py
* ./build/dec_control/ament_cmake_python/decentralized_control/decentralized_control/execution/timed_automata_executor.py
* ./build/dec_control/ament_cmake_python/decentralized_control/decentralized_control/experiment_runner.py
* ./build/dec_control/ament_cmake_python/decentralized_control/decentralized_control/industrial_scenarios.py
* ./build/dec_control/ament_cmake_python/decentralized_control/decentralized_control/math_proof_validatior.py
* ./build/dec_control/ament_cmake_python/decentralized_control/decentralized_control/metrics_collector.py
* ./build/dec_control/ament_cmake_python/decentralized_control/decentralized_control/recovery/__init__.py
* ./build/dec_control/ament_cmake_python/decentralized_control/decentralized_control/recovery/partial_failure_recovery.py
* ./build/dec_control/ament_cmake_python/decentralized_control/decentralized_control/recovery/recovery_node.py
* ./build/dec_control/ament_cmake_python/decentralized_control/decentralized_control/task_manager/__init__.py
* ./build/dec_control/ament_cmake_python/decentralized_control/decentralized_control/task_manager/critical_path_analyzer.py
* ./build/dec_control/ament_cmake_python/decentralized_control/decentralized_control/task_manager/task_manager_node.py
* ./build/dec_control/ament_cmake_python/decentralized_control/decentralized_control/utils/__init__.py
* ./build/dec_control/ament_cmake_python/decentralized_control/decentralized_control/utils/robot_utils.py
* ./build/dec_control/ament_cmake_python/decentralized_control/decentralized_control/utils/task_dependency_analyzer.py
* ./build/dec_control/ament_cmake_python/decentralized_control/decentralized_control/utils/task_utils.py
* ./build/dec_control/ament_cmake_python/decentralized_control/setup.py
* ./build/dec_control/rosidl_generator_py/dec_control/__init__.py
* ./build/dec_control/rosidl_generator_py/dec_control/msg/__init__.py
* ./build/dec_control/rosidl_generator_py/dec_control/msg/_bid.py
* ./build/dec_control/rosidl_generator_py/dec_control/msg/_capability_update.py
* ./build/dec_control/rosidl_generator_py/dec_control/msg/_collaboration_request.py
* ./build/dec_control/rosidl_generator_py/dec_control/msg/_collaboration_response.py
* ./build/dec_control/rosidl_generator_py/dec_control/msg/_heartbeat.py
* ./build/dec_control/rosidl_generator_py/dec_control/msg/_network_topology.py
* ./build/dec_control/rosidl_generator_py/dec_control/msg/_recovery_status.py
* ./build/dec_control/rosidl_generator_py/dec_control/msg/_robot_state.py
* ./build/dec_control/rosidl_generator_py/dec_control/msg/_synchronization_signal.py
* ./build/dec_control/rosidl_generator_py/dec_control/msg/_task.py
* ./build/dec_control/rosidl_generator_py/dec_control/msg/_task_assignment.py
* ./build/dec_control/rosidl_generator_py/dec_control/msg/_task_list.py
* ./build/dec_control/rosidl_generator_py/dec_control/msg/_task_priority.py
* ./build/dec_control/rosidl_generator_py/dec_control/srv/__init__.py
* ./build/dec_control/rosidl_generator_py/dec_control/srv/_get_available_tasks.py
* ./build/dec_control/rosidl_generator_py/dec_control/srv/_init_auction.py
* ./build/dec_control/rosidl_generator_py/dec_control/srv/_submit_bid.py
* ./decentralized_control/__init__.py
* ./decentralized_control/auction/__init__.py
* ./decentralized_control/auction/auction_node.py
* ./decentralized_control/auction/auction_utils.py
* ./decentralized_control/auction/bid_calculator.py
* ./decentralized_control/communication_middleware.py
* ./decentralized_control/comparative_analysis.py
* ./decentralized_control/consensus/__init__.py
* ./decentralized_control/consensus/consensus_node.py
* ./decentralized_control/consensus/time_varying_consensus.py
* ./decentralized_control/execution/__init__.py
* ./decentralized_control/execution/collaborative_task_executor.py
* ./decentralized_control/execution/execution_controller.py
* ./decentralized_control/execution/force_control_manager.py
* ./decentralized_control/execution/timed_automata_executor.py
* ./decentralized_control/experiment_runner.py
* ./decentralized_control/industrial_scenarios.py
* ./decentralized_control/math_proof_validatior.py
* ./decentralized_control/metrics_collector.py
* ./decentralized_control/recovery/__init__.py
* ./decentralized_control/recovery/partial_failure_recovery.py
* ./decentralized_control/recovery/recovery_node.py
* ./decentralized_control/task_manager/__init__.py
* ./decentralized_control/task_manager/critical_path_analyzer.py
* ./decentralized_control/task_manager/task_manager_node.py
* ./decentralized_control/utils/__init__.py
* ./decentralized_control/utils/robot_utils.py
* ./decentralized_control/utils/task_dependency_analyzer.py
* ./decentralized_control/utils/task_utils.py
* ./install/_local_setup_util_ps1.py
* ./install/_local_setup_util_sh.py
* ./install/dec_control/lib/dec_control/analyze_adaptation.py
* ./install/dec_control/lib/dec_control/analyze_results.py
* ./install/dec_control/lib/dec_control/assembly_task_visualiser.py
* ./install/dec_control/lib/dec_control/experiment_runner.py
* ./install/dec_control/lib/dec_control/gazebo_physics_configurator.py
* ./install/dec_control/lib/dec_control/plot_results.py
* ./install/dec_control/lib/dec_control/robot_model_spawner.py
* ./install/dec_control/lib/dec_control/run_experiments.py
* ./install/dec_control/lib/python3.10/site-packages/dec_control/__init__.py
* ./install/dec_control/lib/python3.10/site-packages/dec_control/msg/__init__.py
* ./install/dec_control/lib/python3.10/site-packages/dec_control/msg/_bid.py
* ./install/dec_control/lib/python3.10/site-packages/dec_control/msg/_capability_update.py
* ./install/dec_control/lib/python3.10/site-packages/dec_control/msg/_collaboration_request.py
* ./install/dec_control/lib/python3.10/site-packages/dec_control/msg/_collaboration_response.py
* ./install/dec_control/lib/python3.10/site-packages/dec_control/msg/_heartbeat.py
* ./install/dec_control/lib/python3.10/site-packages/dec_control/msg/_network_topology.py
* ./install/dec_control/lib/python3.10/site-packages/dec_control/msg/_recovery_status.py
* ./install/dec_control/lib/python3.10/site-packages/dec_control/msg/_robot_state.py
* ./install/dec_control/lib/python3.10/site-packages/dec_control/msg/_synchronization_signal.py
* ./install/dec_control/lib/python3.10/site-packages/dec_control/msg/_task.py
* ./install/dec_control/lib/python3.10/site-packages/dec_control/msg/_task_assignment.py
* ./install/dec_control/lib/python3.10/site-packages/dec_control/msg/_task_list.py
* ./install/dec_control/lib/python3.10/site-packages/dec_control/msg/_task_priority.py
* ./install/dec_control/lib/python3.10/site-packages/dec_control/srv/__init__.py
* ./install/dec_control/lib/python3.10/site-packages/dec_control/srv/_get_available_tasks.py
* ./install/dec_control/lib/python3.10/site-packages/dec_control/srv/_init_auction.py
* ./install/dec_control/lib/python3.10/site-packages/dec_control/srv/_submit_bid.py
* ./install/dec_control/lib/python3.10/site-packages/decentralized_control/__init__.py
* ./install/dec_control/lib/python3.10/site-packages/decentralized_control/auction/__init__.py
* ./install/dec_control/lib/python3.10/site-packages/decentralized_control/auction/auction_node.py
* ./install/dec_control/lib/python3.10/site-packages/decentralized_control/auction/auction_utils.py
* ./install/dec_control/lib/python3.10/site-packages/decentralized_control/auction/bid_calculator.py
* ./install/dec_control/lib/python3.10/site-packages/decentralized_control/communication_middleware.py
* ./install/dec_control/lib/python3.10/site-packages/decentralized_control/comparative_analysis.py
* ./install/dec_control/lib/python3.10/site-packages/decentralized_control/consensus/__init__.py
* ./install/dec_control/lib/python3.10/site-packages/decentralized_control/consensus/consensus_node.py
* ./install/dec_control/lib/python3.10/site-packages/decentralized_control/consensus/time_varying_consensus.py
* ./install/dec_control/lib/python3.10/site-packages/decentralized_control/execution/__init__.py
* ./install/dec_control/lib/python3.10/site-packages/decentralized_control/execution/collaborative_task_executor.py
* ./install/dec_control/lib/python3.10/site-packages/decentralized_control/execution/execution_controller.py
* ./install/dec_control/lib/python3.10/site-packages/decentralized_control/execution/force_control_manager.py
* ./install/dec_control/lib/python3.10/site-packages/decentralized_control/execution/timed_automata_executor.py
* ./install/dec_control/lib/python3.10/site-packages/decentralized_control/experiment_runner.py
* ./install/dec_control/lib/python3.10/site-packages/decentralized_control/industrial_scenarios.py
* ./install/dec_control/lib/python3.10/site-packages/decentralized_control/math_proof_validatior.py
* ./install/dec_control/lib/python3.10/site-packages/decentralized_control/metrics_collector.py
* ./install/dec_control/lib/python3.10/site-packages/decentralized_control/recovery/__init__.py
* ./install/dec_control/lib/python3.10/site-packages/decentralized_control/recovery/partial_failure_recovery.py
* ./install/dec_control/lib/python3.10/site-packages/decentralized_control/recovery/recovery_node.py
* ./install/dec_control/lib/python3.10/site-packages/decentralized_control/task_manager/__init__.py
* ./install/dec_control/lib/python3.10/site-packages/decentralized_control/task_manager/critical_path_analyzer.py
* ./install/dec_control/lib/python3.10/site-packages/decentralized_control/task_manager/task_manager_node.py
* ./install/dec_control/lib/python3.10/site-packages/decentralized_control/utils/__init__.py
* ./install/dec_control/lib/python3.10/site-packages/decentralized_control/utils/robot_utils.py
* ./install/dec_control/lib/python3.10/site-packages/decentralized_control/utils/task_dependency_analyzer.py
* ./install/dec_control/lib/python3.10/site-packages/decentralized_control/utils/task_utils.py
* ./install/dec_control/share/dec_control/launch/decentralized_controller.launch.py
* ./install/dec_control/share/dec_control/launch/simulation.launch.py
* ./install/dec_control/share/dec_control/launch/unit_tests.launch.py
* ./launch/decentralized_controller.launch.py
* ./launch/simulation.launch.py
* ./launch/unit_tests.launch.py
* ./scripts/analyze_adaptation.py
* ./scripts/analyze_results.py
* ./scripts/assembly_task_visualiser.py
* ./scripts/experiment_runner.py
* ./scripts/gazebo_physics_configurator.py
* ./scripts/plot_results.py
* ./scripts/robot_model_spawner.py
* ./scripts/run_experiments.py
* ./setup.py
* ./test/__init__.py
* ./test/test_auction.py
* ./test/test_communication.py
* ./test/test_comparative.py
* ./test/test_consensus.py
* ./test/test_execution.py
* ./test/test_metrics.py
* ./test/test_recovery.py
* ./test/test_task_manager.py</system-out>
</testsuite>
